<!DOCTYPE html>

<html>
  <head>
  <title>TestNG reports</title>

    <link type="text/css" href="testng-reports.css" rel="stylesheet" />  
    <script type="text/javascript" src="jquery-1.7.1.min.js"></script>
    <script type="text/javascript" src="testng-reports.js"></script>
    <script type="text/javascript" src="https://www.google.com/jsapi"></script>
    <script type='text/javascript'>
      google.load('visualization', '1', {packages:['table']});
      google.setOnLoadCallback(drawTable);
      var suiteTableInitFunctions = new Array();
      var suiteTableData = new Array();
    </script>
    <!--
      <script type="text/javascript" src="jquery-ui/js/jquery-ui-1.8.16.custom.min.js"></script>
     -->
  </head>

  <body>
    <div class="top-banner-root">
      <span class="top-banner-title-font">Test results</span>
      <br/>
      <span class="top-banner-font-1">1 suite, 25 failed tests</span>
    </div> <!-- top-banner-root -->
    <div class="navigator-root">
      <div class="navigator-suite-header">
        <span>All suites</span>
        <a href="#" class="collapse-all-link" title="Collapse/expand all the suites">
          <img class="collapse-all-icon" src="collapseall.gif">
          </img> <!-- collapse-all-icon -->
        </a> <!-- collapse-all-link -->
      </div> <!-- navigator-suite-header -->
      <div class="suite">
        <div class="rounded-window">
          <div class="suite-header light-rounded-window-top">
            <a href="#" class="navigator-link" panel-name="suite-TestNG_Test">
              <span class="suite-name border-failed">TestNG Test</span>
            </a> <!-- navigator-link -->
          </div> <!-- suite-header light-rounded-window-top -->
          <div class="navigator-suite-content">
            <div class="suite-section-title">
              <span>Info</span>
            </div> <!-- suite-section-title -->
            <div class="suite-section-content">
              <ul>
                <li>
                  <a href="#" class="navigator-link " panel-name="test-xml-TestNG_Test">
                    <span>C:\Workspace\Automation_testing_v4_Vipul\testng.xml</span>
                  </a> <!-- navigator-link  -->
                </li>
                <li>
                  <a href="#" class="navigator-link " panel-name="testlist-TestNG_Test">
                    <span class="test-stats">1 test</span>
                  </a> <!-- navigator-link  -->
                </li>
                <li>
                  <a href="#" class="navigator-link " panel-name="group-TestNG_Test">
                    <span>0 groups</span>
                  </a> <!-- navigator-link  -->
                </li>
                <li>
                  <a href="#" class="navigator-link " panel-name="times-TestNG_Test">
                    <span>Times</span>
                  </a> <!-- navigator-link  -->
                </li>
                <li>
                  <a href="#" class="navigator-link " panel-name="reporter-TestNG_Test">
                    <span>Reporter output</span>
                  </a> <!-- navigator-link  -->
                </li>
                <li>
                  <a href="#" class="navigator-link " panel-name="ignored-methods-TestNG_Test">
                    <span>Ignored methods</span>
                  </a> <!-- navigator-link  -->
                </li>
                <li>
                  <a href="#" class="navigator-link " panel-name="chronological-TestNG_Test">
                    <span>Chronological view</span>
                  </a> <!-- navigator-link  -->
                </li>
              </ul>
            </div> <!-- suite-section-content -->
            <div class="result-section">
              <div class="suite-section-title">
                <span>Results</span>
              </div> <!-- suite-section-title -->
              <div class="suite-section-content">
                <ul>
                  <li>
                    <span class="method-stats">27 methods, 25 failed,  2 skipped,  </span>
                  </li>
                  <li>
                    <span class="method-list-title failed">Failed methods</span>
                    <span class="show-or-hide-methods failed">
                      <a href="#" panel-name="suite-TestNG_Test" class="hide-methods failed suite-TestNG_Test"> (hide)</a> <!-- hide-methods failed suite-TestNG_Test -->
                      <a href="#" panel-name="suite-TestNG_Test" class="show-methods failed suite-TestNG_Test"> (show)</a> <!-- show-methods failed suite-TestNG_Test -->
                    </span>
                    <div class="method-list-content failed suite-TestNG_Test">
                      <span>
                        <img width="3%" src="failed.png"/>
                        <a href="#" class="method navigator-link" panel-name="suite-TestNG_Test" title="com.hk.scaledupOrderPlacement.RTOTest" hash-for-method="RTOTest">RTOTest</a> <!-- method navigator-link -->
                      </span>
                      <br/>
                      <span>
                        <img width="3%" src="failed.png"/>
                        <a href="#" class="method navigator-link" panel-name="suite-TestNG_Test" title="com.hk.scaledupOrderPlacement.FlipTest" hash-for-method="doFlipTest">doFlipTest</a> <!-- method navigator-link -->
                      </span>
                      <br/>
                      <span>
                        <img width="3%" src="failed.png"/>
                        <a href="#" class="method navigator-link" panel-name="suite-TestNG_Test" title="com.hk.scaledupOrderPlacement.SplitSOTest" hash-for-method="doSplitSOTest">doSplitSOTest</a> <!-- method navigator-link -->
                      </span>
                      <br/>
                      <span>
                        <img width="3%" src="failed.png"/>
                        <a href="#" class="method navigator-link" panel-name="suite-TestNG_Test" title="com.hk.orderPlacement.SignupCodOrder" hash-for-method="login(null)">login(null)</a> <!-- method navigator-link -->
                      </span>
                      <br/>
                      <span>
                        <img width="3%" src="failed.png"/>
                        <a href="#" class="method navigator-link" panel-name="suite-TestNG_Test" title="com.hk.orderPlacement.SignupOrderOnline" hash-for-method="login(null)">login(null)</a> <!-- method navigator-link -->
                      </span>
                      <br/>
                      <span>
                        <img width="3%" src="failed.png"/>
                        <a href="#" class="method navigator-link" panel-name="suite-TestNG_Test" title="com.hk.orderPlacement.ExistingOnlineOrder" hash-for-method="login(null)">login(null)</a> <!-- method navigator-link -->
                      </span>
                      <br/>
                      <span>
                        <img width="3%" src="failed.png"/>
                        <a href="#" class="method navigator-link" panel-name="suite-TestNG_Test" title="com.hk.orderPlacement.ExistingCodPlacement" hash-for-method="login(null)">login(null)</a> <!-- method navigator-link -->
                      </span>
                      <br/>
                      <span>
                        <img width="3%" src="failed.png"/>
                        <a href="#" class="method navigator-link" panel-name="suite-TestNG_Test" title="com.hk.orderPlacement.GuestCheckoutCod" hash-for-method="login(null)">login(null)</a> <!-- method navigator-link -->
                      </span>
                      <br/>
                      <span>
                        <img width="3%" src="failed.png"/>
                        <a href="#" class="method navigator-link" panel-name="suite-TestNG_Test" title="com.hk.orderPlacement.GuestCheckoutOnline" hash-for-method="login(null)">login(null)</a> <!-- method navigator-link -->
                      </span>
                      <br/>
                      <span>
                        <img width="3%" src="failed.png"/>
                        <a href="#" class="method navigator-link" panel-name="suite-TestNG_Test" title="com.hk.poscheckout.POSCheckout" hash-for-method="posCheckout">posCheckout</a> <!-- method navigator-link -->
                      </span>
                      <br/>
                      <span>
                        <img width="3%" src="failed.png"/>
                        <a href="#" class="method navigator-link" panel-name="suite-TestNG_Test" title="com.hk.scaledupOrderPlacement.ExistingOnline" hash-for-method="test">test</a> <!-- method navigator-link -->
                      </span>
                      <br/>
                      <span>
                        <img width="3%" src="failed.png"/>
                        <a href="#" class="method navigator-link" panel-name="suite-TestNG_Test" title="com.hk.scaledupOrderPlacement.AddressChangeTest" hash-for-method="testAddressChange">testAddressChange</a> <!-- method navigator-link -->
                      </span>
                      <br/>
                      <span>
                        <img width="3%" src="failed.png"/>
                        <a href="#" class="method navigator-link" panel-name="suite-TestNG_Test" title="com.hk.cancellation.TestAquaCancellation" hash-for-method="testAquaCancellation">testAquaCancellation</a> <!-- method navigator-link -->
                      </span>
                      <br/>
                      <span>
                        <img width="3%" src="failed.png"/>
                        <a href="#" class="method navigator-link" panel-name="suite-TestNG_Test" title="com.hk.warehouseSpecific.DwarkaStoreAutoFlipping" hash-for-method="testDwarkaStoreAutoFlipping">testDwarkaStoreAutoFlipping</a> <!-- method navigator-link -->
                      </span>
                      <br/>
                      <span>
                        <img width="3%" src="failed.png"/>
                        <a href="#" class="method navigator-link" panel-name="suite-TestNG_Test" title="com.hk.warehouseSpecific.DwarkaStoreRPUCheckin" hash-for-method="testDwarkaStoreRPUCheckin">testDwarkaStoreRPUCheckin</a> <!-- method navigator-link -->
                      </span>
                      <br/>
                      <span>
                        <img width="3%" src="failed.png"/>
                        <a href="#" class="method navigator-link" panel-name="suite-TestNG_Test" title="com.hk.warehouseSpecific.GGNRtoTest" hash-for-method="testGGNRto">testGGNRto</a> <!-- method navigator-link -->
                      </span>
                      <br/>
                      <span>
                        <img width="3%" src="failed.png"/>
                        <a href="#" class="method navigator-link" panel-name="suite-TestNG_Test" title="com.hk.warehouseSpecific.MUMCancellation" hash-for-method="testMUMCancellation">testMUMCancellation</a> <!-- method navigator-link -->
                      </span>
                      <br/>
                      <span>
                        <img width="3%" src="failed.png"/>
                        <a href="#" class="method navigator-link" panel-name="suite-TestNG_Test" title="com.hk.warehouseSpecific.MUMFlipSOTest" hash-for-method="testMUMFlipSO">testMUMFlipSO</a> <!-- method navigator-link -->
                      </span>
                      <br/>
                      <span>
                        <img width="3%" src="failed.png"/>
                        <a href="#" class="method navigator-link" panel-name="suite-TestNG_Test" title="com.hk.warehouseSpecific.MUMRpuTest" hash-for-method="testMUMRpu">testMUMRpu</a> <!-- method navigator-link -->
                      </span>
                      <br/>
                      <span>
                        <img width="3%" src="failed.png"/>
                        <a href="#" class="method navigator-link" panel-name="suite-TestNG_Test" title="com.hk.warehouseSpecific.MUMRtoTest" hash-for-method="testMUMRto">testMUMRto</a> <!-- method navigator-link -->
                      </span>
                      <br/>
                      <span>
                        <img width="3%" src="failed.png"/>
                        <a href="#" class="method navigator-link" panel-name="suite-TestNG_Test" title="com.hk.warehouseSpecific.MUMSplitSOTest" hash-for-method="testMUMSplitSO">testMUMSplitSO</a> <!-- method navigator-link -->
                      </span>
                      <br/>
                      <span>
                        <img width="3%" src="failed.png"/>
                        <a href="#" class="method navigator-link" panel-name="suite-TestNG_Test" title="com.hk.warehouseSpecific.PUNStoreAutoFlipping" hash-for-method="testPUNStoreAutoFlipping">testPUNStoreAutoFlipping</a> <!-- method navigator-link -->
                      </span>
                      <br/>
                      <span>
                        <img width="3%" src="failed.png"/>
                        <a href="#" class="method navigator-link" panel-name="suite-TestNG_Test" title="com.hk.scaledupOrderPlacement.RPUTest" hash-for-method="testRPU">testRPU</a> <!-- method navigator-link -->
                      </span>
                      <br/>
                      <span>
                        <img width="3%" src="failed.png"/>
                        <a href="#" class="method navigator-link" panel-name="suite-TestNG_Test" title="com.hk.scaledupOrderPlacement.StoreCheckoutTest" hash-for-method="testStoreCheckout">testStoreCheckout</a> <!-- method navigator-link -->
                      </span>
                      <br/>
                      <span>
                        <img width="3%" src="failed.png"/>
                        <a href="#" class="method navigator-link" panel-name="suite-TestNG_Test" title="com.hk.cancellation.TestWebCancellation" hash-for-method="testWebCancellation">testWebCancellation</a> <!-- method navigator-link -->
                      </span>
                      <br/>
                    </div> <!-- method-list-content failed suite-TestNG_Test -->
                  </li>
                  <li>
                    <span class="method-list-title skipped">Skipped methods</span>
                    <span class="show-or-hide-methods skipped">
                      <a href="#" panel-name="suite-TestNG_Test" class="hide-methods skipped suite-TestNG_Test"> (hide)</a> <!-- hide-methods skipped suite-TestNG_Test -->
                      <a href="#" panel-name="suite-TestNG_Test" class="show-methods skipped suite-TestNG_Test"> (show)</a> <!-- show-methods skipped suite-TestNG_Test -->
                    </span>
                    <div class="method-list-content skipped suite-TestNG_Test">
                      <span>
                        <img width="3%" src="skipped.png"/>
                        <a href="#" class="method navigator-link" panel-name="suite-TestNG_Test" title="com.hk.orderPlacement.CouponOnlineOrder" hash-for-method="login(null)">login(null)</a> <!-- method navigator-link -->
                      </span>
                      <br/>
                      <span>
                        <img width="3%" src="skipped.png"/>
                        <a href="#" class="method navigator-link" panel-name="suite-TestNG_Test" title="com.hk.warehouseSpecific.HYDCFACancellation" hash-for-method="testHYDCFACancellation">testHYDCFACancellation</a> <!-- method navigator-link -->
                      </span>
                      <br/>
                    </div> <!-- method-list-content skipped suite-TestNG_Test -->
                  </li>
                </ul>
              </div> <!-- suite-section-content -->
            </div> <!-- result-section -->
          </div> <!-- navigator-suite-content -->
        </div> <!-- rounded-window -->
      </div> <!-- suite -->
    </div> <!-- navigator-root -->
    <div class="wrapper">
      <div class="main-panel-root">
        <div panel-name="suite-TestNG_Test" class="panel TestNG_Test">
          <div class="suite-TestNG_Test-class-failed">
            <div class="main-panel-header rounded-window-top">
              <img src="failed.png"/>
              <span class="class-name">com.hk.warehouseSpecific.PUNStoreAutoFlipping</span>
            </div> <!-- main-panel-header rounded-window-top -->
            <div class="main-panel-content rounded-window-bottom">
              <div class="method">
                <div class="method-content">
                  <a name="testPUNStoreAutoFlipping">
                  </a> <!-- testPUNStoreAutoFlipping -->
                  <span class="method-name">testPUNStoreAutoFlipping</span>
                  <div class="stack-trace">org.openqa.selenium.WebDriverException: unknown error: Chrome failed to start: exited normally
  (Driver info: chromedriver=2.7.236900,platform=Windows NT 6.1 SP1 x86_64) (WARNING: The server did not provide any stacktrace information)
Command duration or timeout: 22.04 seconds
Build info: version: &apos;2.42.2&apos;, revision: &apos;6a6995d&apos;, time: &apos;2014-06-03 17:42:30&apos;
System info: host: &apos;Tech-VipulJain&apos;, ip: &apos;192.168.56.1&apos;, os.name: &apos;Windows 7&apos;, os.arch: &apos;amd64&apos;, os.version: &apos;6.1&apos;, java.version: &apos;1.7.0_45&apos;
Driver info: org.openqa.selenium.chrome.ChromeDriver
	at org.openqa.selenium.remote.ErrorHandler.createThrowable(ErrorHandler.java:204)
	at org.openqa.selenium.remote.ErrorHandler.throwIfResponseFailed(ErrorHandler.java:156)
	at org.openqa.selenium.remote.RemoteWebDriver.execute(RemoteWebDriver.java:599)
	at org.openqa.selenium.remote.RemoteWebDriver.startSession(RemoteWebDriver.java:240)
	at org.openqa.selenium.remote.RemoteWebDriver.&lt;init&gt;(RemoteWebDriver.java:126)
	at org.openqa.selenium.remote.RemoteWebDriver.&lt;init&gt;(RemoteWebDriver.java:139)
	at org.openqa.selenium.chrome.ChromeDriver.&lt;init&gt;(ChromeDriver.java:171)
	at org.openqa.selenium.chrome.ChromeDriver.&lt;init&gt;(ChromeDriver.java:160)
	at org.openqa.selenium.chrome.ChromeDriver.&lt;init&gt;(ChromeDriver.java:117)
	at com.hk.commonProperties.SharedProperties.openBrowser(Unknown Source)
	at com.hk.warehouseSpecific.PUNStoreAutoFlipping.testPUNStoreAutoFlipping(Unknown Source)
... Removed 26 stack frames
</div> <!-- stack-trace -->
                </div> <!-- method-content -->
              </div> <!-- method -->
            </div> <!-- main-panel-content rounded-window-bottom -->
          </div> <!-- suite-TestNG_Test-class-failed -->
          <div class="suite-TestNG_Test-class-failed">
            <div class="main-panel-header rounded-window-top">
              <img src="failed.png"/>
              <span class="class-name">com.hk.warehouseSpecific.MUMCancellation</span>
            </div> <!-- main-panel-header rounded-window-top -->
            <div class="main-panel-content rounded-window-bottom">
              <div class="method">
                <div class="method-content">
                  <a name="testMUMCancellation">
                  </a> <!-- testMUMCancellation -->
                  <span class="method-name">testMUMCancellation</span>
                  <div class="stack-trace">org.openqa.selenium.NoSuchWindowException: no such window: target window already closed
from unknown error: web view not found
  (Session info: chrome=39.0.2171.99)
  (Driver info: chromedriver=2.7.236900,platform=Windows NT 6.1 SP1 x86_64) (WARNING: The server did not provide any stacktrace information)
Command duration or timeout: 32 milliseconds
Build info: version: &apos;2.42.2&apos;, revision: &apos;6a6995d&apos;, time: &apos;2014-06-03 17:42:30&apos;
System info: host: &apos;Tech-VipulJain&apos;, ip: &apos;192.168.56.1&apos;, os.name: &apos;Windows 7&apos;, os.arch: &apos;amd64&apos;, os.version: &apos;6.1&apos;, java.version: &apos;1.7.0_45&apos;
Session ID: c72b1c5a35b7f59228b2c48e061803fa
Driver info: org.openqa.selenium.chrome.ChromeDriver
Capabilities [{platform=XP, acceptSslCerts=true, javascriptEnabled=true, browserName=chrome, chrome={userDataDir=C:\Users\VIPUL~1.JAI\AppData\Local\Temp\scoped_dir7424_26710}, rotatable=false, locationContextEnabled=true, version=39.0.2171.99, takesHeapSnapshot=true, cssSelectorsEnabled=true, databaseEnabled=false, handlesAlerts=true, browserConnectionEnabled=false, nativeEvents=true, webStorageEnabled=true, applicationCacheEnabled=false, takesScreenshot=true}]
	at org.openqa.selenium.remote.ErrorHandler.createThrowable(ErrorHandler.java:204)
	at org.openqa.selenium.remote.ErrorHandler.throwIfResponseFailed(ErrorHandler.java:156)
	at org.openqa.selenium.remote.RemoteWebDriver.execute(RemoteWebDriver.java:599)
	at org.openqa.selenium.remote.RemoteWebDriver.get(RemoteWebDriver.java:304)
	at org.openqa.selenium.remote.RemoteWebDriver$RemoteNavigation.to(RemoteWebDriver.java:846)
	at com.hk.warehouseSpecific.MUMCancellation.testMUMCancellation(Unknown Source)
... Removed 27 stack frames
</div> <!-- stack-trace -->
                </div> <!-- method-content -->
              </div> <!-- method -->
            </div> <!-- main-panel-content rounded-window-bottom -->
          </div> <!-- suite-TestNG_Test-class-failed -->
          <div class="suite-TestNG_Test-class-failed">
            <div class="main-panel-header rounded-window-top">
              <img src="failed.png"/>
              <span class="class-name">com.hk.scaledupOrderPlacement.ExistingOnline</span>
            </div> <!-- main-panel-header rounded-window-top -->
            <div class="main-panel-content rounded-window-bottom">
              <div class="method">
                <div class="method-content">
                  <a name="test">
                  </a> <!-- test -->
                  <span class="method-name">test</span>
                  <div class="stack-trace">org.openqa.selenium.NoSuchWindowException: no such window: target window already closed
from unknown error: web view not found
  (Session info: chrome=39.0.2171.99)
  (Driver info: chromedriver=2.7.236900,platform=Windows NT 6.1 SP1 x86_64) (WARNING: The server did not provide any stacktrace information)
Command duration or timeout: 12 milliseconds
Build info: version: &apos;2.42.2&apos;, revision: &apos;6a6995d&apos;, time: &apos;2014-06-03 17:42:30&apos;
System info: host: &apos;Tech-VipulJain&apos;, ip: &apos;192.168.56.1&apos;, os.name: &apos;Windows 7&apos;, os.arch: &apos;amd64&apos;, os.version: &apos;6.1&apos;, java.version: &apos;1.7.0_45&apos;
Session ID: 4b9d1445ee56cde46a1a3edf108e488d
Driver info: org.openqa.selenium.chrome.ChromeDriver
Capabilities [{platform=XP, acceptSslCerts=true, javascriptEnabled=true, browserName=chrome, chrome={userDataDir=C:\Users\VIPUL~1.JAI\AppData\Local\Temp\scoped_dir40108_12156}, rotatable=false, locationContextEnabled=true, version=39.0.2171.99, takesHeapSnapshot=true, cssSelectorsEnabled=true, databaseEnabled=false, handlesAlerts=true, browserConnectionEnabled=false, nativeEvents=true, webStorageEnabled=true, applicationCacheEnabled=false, takesScreenshot=true}]
	at org.openqa.selenium.remote.ErrorHandler.createThrowable(ErrorHandler.java:204)
	at org.openqa.selenium.remote.ErrorHandler.throwIfResponseFailed(ErrorHandler.java:156)
	at org.openqa.selenium.remote.RemoteWebDriver.execute(RemoteWebDriver.java:599)
	at org.openqa.selenium.remote.RemoteWebDriver.get(RemoteWebDriver.java:304)
	at org.openqa.selenium.remote.RemoteWebDriver$RemoteNavigation.to(RemoteWebDriver.java:846)
	at com.hk.recorder.MultipleVariant.testMultipleVariant(Unknown Source)
	at com.hk.scaledupOrderPlacement.ExistingOnline.test(Unknown Source)
... Removed 27 stack frames
</div> <!-- stack-trace -->
                </div> <!-- method-content -->
              </div> <!-- method -->
            </div> <!-- main-panel-content rounded-window-bottom -->
          </div> <!-- suite-TestNG_Test-class-failed -->
          <div class="suite-TestNG_Test-class-failed">
            <div class="main-panel-header rounded-window-top">
              <img src="failed.png"/>
              <span class="class-name">com.hk.scaledupOrderPlacement.RTOTest</span>
            </div> <!-- main-panel-header rounded-window-top -->
            <div class="main-panel-content rounded-window-bottom">
              <div class="method">
                <div class="method-content">
                  <a name="RTOTest">
                  </a> <!-- RTOTest -->
                  <span class="method-name">RTOTest</span>
                  <div class="stack-trace">org.openqa.selenium.WebDriverException: unknown error: cannot get automation extension
from disconnected: Unable to receive message from renderer
  (Session info: chrome=39.0.2171.99)
  (Driver info: chromedriver=2.7.236900,platform=Windows NT 6.1 SP1 x86_64) (WARNING: The server did not provide any stacktrace information)
Command duration or timeout: 1.31 seconds
Build info: version: &apos;2.42.2&apos;, revision: &apos;6a6995d&apos;, time: &apos;2014-06-03 17:42:30&apos;
System info: host: &apos;Tech-VipulJain&apos;, ip: &apos;192.168.56.1&apos;, os.name: &apos;Windows 7&apos;, os.arch: &apos;amd64&apos;, os.version: &apos;6.1&apos;, java.version: &apos;1.7.0_45&apos;
Session ID: 4915718d665cc4f82d743f6a6dd002ca
Driver info: org.openqa.selenium.chrome.ChromeDriver
Capabilities [{platform=XP, acceptSslCerts=true, javascriptEnabled=true, browserName=chrome, chrome={userDataDir=C:\Users\VIPUL~1.JAI\AppData\Local\Temp\scoped_dir41068_25949}, rotatable=false, locationContextEnabled=true, version=39.0.2171.99, takesHeapSnapshot=true, cssSelectorsEnabled=true, databaseEnabled=false, handlesAlerts=true, browserConnectionEnabled=false, nativeEvents=true, webStorageEnabled=true, applicationCacheEnabled=false, takesScreenshot=true}]
	at org.openqa.selenium.remote.ErrorHandler.createThrowable(ErrorHandler.java:204)
	at org.openqa.selenium.remote.ErrorHandler.throwIfResponseFailed(ErrorHandler.java:156)
	at org.openqa.selenium.remote.RemoteWebDriver.execute(RemoteWebDriver.java:599)
	at org.openqa.selenium.remote.RemoteWebDriver$RemoteWebDriverOptions$RemoteWindow.maximize(RemoteWebDriver.java:829)
	at com.hk.commonProperties.SharedProperties.openBrowser(Unknown Source)
	at com.hk.scaledupOrderPlacement.RTOTest.RTOTest(Unknown Source)
... Removed 27 stack frames
</div> <!-- stack-trace -->
                </div> <!-- method-content -->
              </div> <!-- method -->
            </div> <!-- main-panel-content rounded-window-bottom -->
          </div> <!-- suite-TestNG_Test-class-failed -->
          <div class="suite-TestNG_Test-class-failed">
            <div class="main-panel-header rounded-window-top">
              <img src="failed.png"/>
              <span class="class-name">com.hk.poscheckout.POSCheckout</span>
            </div> <!-- main-panel-header rounded-window-top -->
            <div class="main-panel-content rounded-window-bottom">
              <div class="method">
                <div class="method-content">
                  <a name="posCheckout">
                  </a> <!-- posCheckout -->
                  <span class="method-name">posCheckout</span>
                  <div class="stack-trace">org.openqa.selenium.WebDriverException: unknown error: cannot get automation extension
from chrome not reachable
  (Session info: chrome=39.0.2171.99)
  (Driver info: chromedriver=2.7.236900,platform=Windows NT 6.1 SP1 x86_64) (WARNING: The server did not provide any stacktrace information)
Command duration or timeout: 2.55 seconds
Build info: version: &apos;2.42.2&apos;, revision: &apos;6a6995d&apos;, time: &apos;2014-06-03 17:42:30&apos;
System info: host: &apos;Tech-VipulJain&apos;, ip: &apos;192.168.56.1&apos;, os.name: &apos;Windows 7&apos;, os.arch: &apos;amd64&apos;, os.version: &apos;6.1&apos;, java.version: &apos;1.7.0_45&apos;
Session ID: a8286620c6ae4811fe32f2b7e554cceb
Driver info: org.openqa.selenium.chrome.ChromeDriver
Capabilities [{platform=XP, acceptSslCerts=true, javascriptEnabled=true, browserName=chrome, chrome={userDataDir=C:\Users\VIPUL~1.JAI\AppData\Local\Temp\scoped_dir46980_31338}, rotatable=false, locationContextEnabled=true, version=39.0.2171.99, takesHeapSnapshot=true, cssSelectorsEnabled=true, databaseEnabled=false, handlesAlerts=true, browserConnectionEnabled=false, nativeEvents=true, webStorageEnabled=true, applicationCacheEnabled=false, takesScreenshot=true}]
	at org.openqa.selenium.remote.ErrorHandler.createThrowable(ErrorHandler.java:204)
	at org.openqa.selenium.remote.ErrorHandler.throwIfResponseFailed(ErrorHandler.java:156)
	at org.openqa.selenium.remote.RemoteWebDriver.execute(RemoteWebDriver.java:599)
	at org.openqa.selenium.remote.RemoteWebDriver$RemoteWebDriverOptions$RemoteWindow.maximize(RemoteWebDriver.java:829)
	at com.hk.commonProperties.SharedProperties.openBrowser(Unknown Source)
	at com.hk.poscheckout.POSCheckout.posCheckout(Unknown Source)
... Removed 27 stack frames
</div> <!-- stack-trace -->
                </div> <!-- method-content -->
              </div> <!-- method -->
            </div> <!-- main-panel-content rounded-window-bottom -->
          </div> <!-- suite-TestNG_Test-class-failed -->
          <div class="suite-TestNG_Test-class-failed">
            <div class="main-panel-header rounded-window-top">
              <img src="failed.png"/>
              <span class="class-name">com.hk.warehouseSpecific.GGNRtoTest</span>
            </div> <!-- main-panel-header rounded-window-top -->
            <div class="main-panel-content rounded-window-bottom">
              <div class="method">
                <div class="method-content">
                  <a name="testGGNRto">
                  </a> <!-- testGGNRto -->
                  <span class="method-name">testGGNRto</span>
                  <div class="stack-trace">org.openqa.selenium.WebDriverException: unknown error: cannot get automation extension
from disconnected: received Inspector.detached event
  (Session info: chrome=39.0.2171.99)
  (Driver info: chromedriver=2.7.236900,platform=Windows NT 6.1 SP1 x86_64) (WARNING: The server did not provide any stacktrace information)
Command duration or timeout: 1.12 seconds
Build info: version: &apos;2.42.2&apos;, revision: &apos;6a6995d&apos;, time: &apos;2014-06-03 17:42:30&apos;
System info: host: &apos;Tech-VipulJain&apos;, ip: &apos;192.168.56.1&apos;, os.name: &apos;Windows 7&apos;, os.arch: &apos;amd64&apos;, os.version: &apos;6.1&apos;, java.version: &apos;1.7.0_45&apos;
Session ID: b963be9184371b476f72a2cd37d701e2
Driver info: org.openqa.selenium.chrome.ChromeDriver
Capabilities [{platform=XP, acceptSslCerts=true, javascriptEnabled=true, browserName=chrome, chrome={userDataDir=C:\Users\VIPUL~1.JAI\AppData\Local\Temp\scoped_dir48456_1791}, rotatable=false, locationContextEnabled=true, version=39.0.2171.99, takesHeapSnapshot=true, cssSelectorsEnabled=true, databaseEnabled=false, handlesAlerts=true, browserConnectionEnabled=false, nativeEvents=true, webStorageEnabled=true, applicationCacheEnabled=false, takesScreenshot=true}]
	at org.openqa.selenium.remote.ErrorHandler.createThrowable(ErrorHandler.java:204)
	at org.openqa.selenium.remote.ErrorHandler.throwIfResponseFailed(ErrorHandler.java:156)
	at org.openqa.selenium.remote.RemoteWebDriver.execute(RemoteWebDriver.java:599)
	at org.openqa.selenium.remote.RemoteWebDriver$RemoteWebDriverOptions$RemoteWindow.maximize(RemoteWebDriver.java:829)
	at com.hk.commonProperties.SharedProperties.openBrowser(Unknown Source)
	at com.hk.warehouseSpecific.GGNRtoTest.testGGNRto(Unknown Source)
... Removed 27 stack frames
</div> <!-- stack-trace -->
                </div> <!-- method-content -->
              </div> <!-- method -->
            </div> <!-- main-panel-content rounded-window-bottom -->
          </div> <!-- suite-TestNG_Test-class-failed -->
          <div class="suite-TestNG_Test-class-failed">
            <div class="main-panel-header rounded-window-top">
              <img src="failed.png"/>
              <span class="class-name">com.hk.scaledupOrderPlacement.FlipTest</span>
            </div> <!-- main-panel-header rounded-window-top -->
            <div class="main-panel-content rounded-window-bottom">
              <div class="method">
                <div class="method-content">
                  <a name="doFlipTest">
                  </a> <!-- doFlipTest -->
                  <span class="method-name">doFlipTest</span>
                  <div class="stack-trace">org.openqa.selenium.WebDriverException: unknown error: Chrome failed to start: exited normally
  (Driver info: chromedriver=2.7.236900,platform=Windows NT 6.1 SP1 x86_64) (WARNING: The server did not provide any stacktrace information)
Command duration or timeout: 22.36 seconds
Build info: version: &apos;2.42.2&apos;, revision: &apos;6a6995d&apos;, time: &apos;2014-06-03 17:42:30&apos;
System info: host: &apos;Tech-VipulJain&apos;, ip: &apos;192.168.56.1&apos;, os.name: &apos;Windows 7&apos;, os.arch: &apos;amd64&apos;, os.version: &apos;6.1&apos;, java.version: &apos;1.7.0_45&apos;
Driver info: org.openqa.selenium.chrome.ChromeDriver
	at org.openqa.selenium.remote.ErrorHandler.createThrowable(ErrorHandler.java:204)
	at org.openqa.selenium.remote.ErrorHandler.throwIfResponseFailed(ErrorHandler.java:156)
	at org.openqa.selenium.remote.RemoteWebDriver.execute(RemoteWebDriver.java:599)
	at org.openqa.selenium.remote.RemoteWebDriver.startSession(RemoteWebDriver.java:240)
	at org.openqa.selenium.remote.RemoteWebDriver.&lt;init&gt;(RemoteWebDriver.java:126)
	at org.openqa.selenium.remote.RemoteWebDriver.&lt;init&gt;(RemoteWebDriver.java:139)
	at org.openqa.selenium.chrome.ChromeDriver.&lt;init&gt;(ChromeDriver.java:171)
	at org.openqa.selenium.chrome.ChromeDriver.&lt;init&gt;(ChromeDriver.java:160)
	at org.openqa.selenium.chrome.ChromeDriver.&lt;init&gt;(ChromeDriver.java:117)
	at com.hk.commonProperties.SharedProperties.openBrowser(Unknown Source)
	at com.hk.scaledupOrderPlacement.FlipTest.doFlipTest(Unknown Source)
... Removed 26 stack frames
</div> <!-- stack-trace -->
                </div> <!-- method-content -->
              </div> <!-- method -->
            </div> <!-- main-panel-content rounded-window-bottom -->
          </div> <!-- suite-TestNG_Test-class-failed -->
          <div class="suite-TestNG_Test-class-failed">
            <div class="main-panel-header rounded-window-top">
              <img src="failed.png"/>
              <span class="class-name">com.hk.orderPlacement.GuestCheckoutCod</span>
            </div> <!-- main-panel-header rounded-window-top -->
            <div class="main-panel-content rounded-window-bottom">
              <div class="method">
                <div class="method-content">
                  <a name="login(null)">
                  </a> <!-- login(null) -->
                  <span class="method-name">login</span>
                  <span class="parameters">(null)</span>
                  <div class="stack-trace">org.openqa.selenium.WebDriverException: unknown error: Chrome failed to start: exited normally
  (Driver info: chromedriver=2.7.236900,platform=Windows NT 6.1 SP1 x86_64) (WARNING: The server did not provide any stacktrace information)
Command duration or timeout: 21.88 seconds
Build info: version: &apos;2.42.2&apos;, revision: &apos;6a6995d&apos;, time: &apos;2014-06-03 17:42:30&apos;
System info: host: &apos;Tech-VipulJain&apos;, ip: &apos;192.168.56.1&apos;, os.name: &apos;Windows 7&apos;, os.arch: &apos;amd64&apos;, os.version: &apos;6.1&apos;, java.version: &apos;1.7.0_45&apos;
Driver info: org.openqa.selenium.chrome.ChromeDriver
	at org.openqa.selenium.remote.ErrorHandler.createThrowable(ErrorHandler.java:204)
	at org.openqa.selenium.remote.ErrorHandler.throwIfResponseFailed(ErrorHandler.java:156)
	at org.openqa.selenium.remote.RemoteWebDriver.execute(RemoteWebDriver.java:599)
	at org.openqa.selenium.remote.RemoteWebDriver.startSession(RemoteWebDriver.java:240)
	at org.openqa.selenium.remote.RemoteWebDriver.&lt;init&gt;(RemoteWebDriver.java:126)
	at org.openqa.selenium.remote.RemoteWebDriver.&lt;init&gt;(RemoteWebDriver.java:139)
	at org.openqa.selenium.chrome.ChromeDriver.&lt;init&gt;(ChromeDriver.java:171)
	at org.openqa.selenium.chrome.ChromeDriver.&lt;init&gt;(ChromeDriver.java:160)
	at org.openqa.selenium.chrome.ChromeDriver.&lt;init&gt;(ChromeDriver.java:117)
	at com.hk.commonProperties.SharedProperties.openBrowser(Unknown Source)
	at com.hk.orderPlacement.GuestCheckoutCod.login(Unknown Source)
... Removed 27 stack frames
</div> <!-- stack-trace -->
                </div> <!-- method-content -->
              </div> <!-- method -->
            </div> <!-- main-panel-content rounded-window-bottom -->
          </div> <!-- suite-TestNG_Test-class-failed -->
          <div class="suite-TestNG_Test-class-failed">
            <div class="main-panel-header rounded-window-top">
              <img src="failed.png"/>
              <span class="class-name">com.hk.orderPlacement.ExistingOnlineOrder</span>
            </div> <!-- main-panel-header rounded-window-top -->
            <div class="main-panel-content rounded-window-bottom">
              <div class="method">
                <div class="method-content">
                  <a name="login(null)">
                  </a> <!-- login(null) -->
                  <span class="method-name">login</span>
                  <span class="parameters">(null)</span>
                  <div class="stack-trace">org.openqa.selenium.NoSuchWindowException: no such window: target window already closed
from unknown error: web view not found
  (Session info: chrome=39.0.2171.99)
  (Driver info: chromedriver=2.7.236900,platform=Windows NT 6.1 SP1 x86_64) (WARNING: The server did not provide any stacktrace information)
Command duration or timeout: 16 milliseconds
Build info: version: &apos;2.42.2&apos;, revision: &apos;6a6995d&apos;, time: &apos;2014-06-03 17:42:30&apos;
System info: host: &apos;Tech-VipulJain&apos;, ip: &apos;192.168.56.1&apos;, os.name: &apos;Windows 7&apos;, os.arch: &apos;amd64&apos;, os.version: &apos;6.1&apos;, java.version: &apos;1.7.0_45&apos;
Session ID: 031cb991f611e407b3476dc7eec4af54
Driver info: org.openqa.selenium.chrome.ChromeDriver
Capabilities [{platform=XP, acceptSslCerts=true, javascriptEnabled=true, browserName=chrome, chrome={userDataDir=C:\Users\VIPUL~1.JAI\AppData\Local\Temp\scoped_dir33664_31181}, rotatable=false, locationContextEnabled=true, version=39.0.2171.99, takesHeapSnapshot=true, cssSelectorsEnabled=true, databaseEnabled=false, handlesAlerts=true, browserConnectionEnabled=false, nativeEvents=true, webStorageEnabled=true, applicationCacheEnabled=false, takesScreenshot=true}]
	at org.openqa.selenium.remote.ErrorHandler.createThrowable(ErrorHandler.java:204)
	at org.openqa.selenium.remote.ErrorHandler.throwIfResponseFailed(ErrorHandler.java:156)
	at org.openqa.selenium.remote.RemoteWebDriver.execute(RemoteWebDriver.java:599)
	at org.openqa.selenium.remote.RemoteWebDriver.get(RemoteWebDriver.java:304)
	at org.openqa.selenium.remote.RemoteWebDriver$RemoteNavigation.to(RemoteWebDriver.java:846)
	at com.hk.orderPlacement.ExistingOnlineOrder.login(Unknown Source)
... Removed 27 stack frames
</div> <!-- stack-trace -->
                </div> <!-- method-content -->
              </div> <!-- method -->
            </div> <!-- main-panel-content rounded-window-bottom -->
          </div> <!-- suite-TestNG_Test-class-failed -->
          <div class="suite-TestNG_Test-class-failed">
            <div class="main-panel-header rounded-window-top">
              <img src="failed.png"/>
              <span class="class-name">com.hk.orderPlacement.SignupCodOrder</span>
            </div> <!-- main-panel-header rounded-window-top -->
            <div class="main-panel-content rounded-window-bottom">
              <div class="method">
                <div class="method-content">
                  <a name="login(null)">
                  </a> <!-- login(null) -->
                  <span class="method-name">login</span>
                  <span class="parameters">(null)</span>
                  <div class="stack-trace">org.openqa.selenium.WebDriverException: unknown error: cannot get automation extension
from disconnected: received Inspector.detached event
  (Session info: chrome=39.0.2171.99)
  (Driver info: chromedriver=2.7.236900,platform=Windows NT 6.1 SP1 x86_64) (WARNING: The server did not provide any stacktrace information)
Command duration or timeout: 3.83 seconds
Build info: version: &apos;2.42.2&apos;, revision: &apos;6a6995d&apos;, time: &apos;2014-06-03 17:42:30&apos;
System info: host: &apos;Tech-VipulJain&apos;, ip: &apos;192.168.56.1&apos;, os.name: &apos;Windows 7&apos;, os.arch: &apos;amd64&apos;, os.version: &apos;6.1&apos;, java.version: &apos;1.7.0_45&apos;
Session ID: b7285cd5c75d949d1cb51987b8345cf1
Driver info: org.openqa.selenium.chrome.ChromeDriver
Capabilities [{platform=XP, acceptSslCerts=true, javascriptEnabled=true, browserName=chrome, chrome={userDataDir=C:\Users\VIPUL~1.JAI\AppData\Local\Temp\scoped_dir31424_23640}, rotatable=false, locationContextEnabled=true, version=39.0.2171.99, takesHeapSnapshot=true, cssSelectorsEnabled=true, databaseEnabled=false, handlesAlerts=true, browserConnectionEnabled=false, nativeEvents=true, webStorageEnabled=true, applicationCacheEnabled=false, takesScreenshot=true}]
	at org.openqa.selenium.remote.ErrorHandler.createThrowable(ErrorHandler.java:204)
	at org.openqa.selenium.remote.ErrorHandler.throwIfResponseFailed(ErrorHandler.java:156)
	at org.openqa.selenium.remote.RemoteWebDriver.execute(RemoteWebDriver.java:599)
	at org.openqa.selenium.remote.RemoteWebDriver$RemoteWebDriverOptions$RemoteWindow.maximize(RemoteWebDriver.java:829)
	at com.hk.commonProperties.SharedProperties.openBrowser(Unknown Source)
	at com.hk.orderPlacement.SignupCodOrder.login(Unknown Source)
... Removed 26 stack frames
</div> <!-- stack-trace -->
                </div> <!-- method-content -->
              </div> <!-- method -->
            </div> <!-- main-panel-content rounded-window-bottom -->
          </div> <!-- suite-TestNG_Test-class-failed -->
          <div class="suite-TestNG_Test-class-failed">
            <div class="main-panel-header rounded-window-top">
              <img src="failed.png"/>
              <span class="class-name">com.hk.cancellation.TestWebCancellation</span>
            </div> <!-- main-panel-header rounded-window-top -->
            <div class="main-panel-content rounded-window-bottom">
              <div class="method">
                <div class="method-content">
                  <a name="testWebCancellation">
                  </a> <!-- testWebCancellation -->
                  <span class="method-name">testWebCancellation</span>
                  <div class="stack-trace">org.openqa.selenium.NoSuchWindowException: no such window: target window already closed
from unknown error: web view not found
  (Session info: chrome=39.0.2171.99)
  (Driver info: chromedriver=2.7.236900,platform=Windows NT 6.1 SP1 x86_64) (WARNING: The server did not provide any stacktrace information)
Command duration or timeout: 12 milliseconds
Build info: version: &apos;2.42.2&apos;, revision: &apos;6a6995d&apos;, time: &apos;2014-06-03 17:42:30&apos;
System info: host: &apos;Tech-VipulJain&apos;, ip: &apos;192.168.56.1&apos;, os.name: &apos;Windows 7&apos;, os.arch: &apos;amd64&apos;, os.version: &apos;6.1&apos;, java.version: &apos;1.7.0_45&apos;
Session ID: eacfa48366f16b62fff54fed5dbf9d13
Driver info: org.openqa.selenium.chrome.ChromeDriver
Capabilities [{platform=XP, acceptSslCerts=true, javascriptEnabled=true, browserName=chrome, chrome={userDataDir=C:\Users\VIPUL~1.JAI\AppData\Local\Temp\scoped_dir48432_13876}, rotatable=false, locationContextEnabled=true, version=39.0.2171.99, takesHeapSnapshot=true, cssSelectorsEnabled=true, databaseEnabled=false, handlesAlerts=true, browserConnectionEnabled=false, nativeEvents=true, webStorageEnabled=true, applicationCacheEnabled=false, takesScreenshot=true}]
	at org.openqa.selenium.remote.ErrorHandler.createThrowable(ErrorHandler.java:204)
	at org.openqa.selenium.remote.ErrorHandler.throwIfResponseFailed(ErrorHandler.java:156)
	at org.openqa.selenium.remote.RemoteWebDriver.execute(RemoteWebDriver.java:599)
	at org.openqa.selenium.remote.RemoteWebDriver.get(RemoteWebDriver.java:304)
	at org.openqa.selenium.remote.RemoteWebDriver$RemoteNavigation.to(RemoteWebDriver.java:846)
	at com.hk.cancellation.TestWebCancellation.testWebCancellation(Unknown Source)
... Removed 27 stack frames
</div> <!-- stack-trace -->
                </div> <!-- method-content -->
              </div> <!-- method -->
            </div> <!-- main-panel-content rounded-window-bottom -->
          </div> <!-- suite-TestNG_Test-class-failed -->
          <div class="suite-TestNG_Test-class-failed">
            <div class="main-panel-header rounded-window-top">
              <img src="failed.png"/>
              <span class="class-name">com.hk.orderPlacement.GuestCheckoutOnline</span>
            </div> <!-- main-panel-header rounded-window-top -->
            <div class="main-panel-content rounded-window-bottom">
              <div class="method">
                <div class="method-content">
                  <a name="login(null)">
                  </a> <!-- login(null) -->
                  <span class="method-name">login</span>
                  <span class="parameters">(null)</span>
                  <div class="stack-trace">org.openqa.selenium.WebDriverException: unknown error: cannot get automation extension
from disconnected: received Inspector.detached event
  (Session info: chrome=39.0.2171.99)
  (Driver info: chromedriver=2.7.236900,platform=Windows NT 6.1 SP1 x86_64) (WARNING: The server did not provide any stacktrace information)
Command duration or timeout: 2.02 seconds
Build info: version: &apos;2.42.2&apos;, revision: &apos;6a6995d&apos;, time: &apos;2014-06-03 17:42:30&apos;
System info: host: &apos;Tech-VipulJain&apos;, ip: &apos;192.168.56.1&apos;, os.name: &apos;Windows 7&apos;, os.arch: &apos;amd64&apos;, os.version: &apos;6.1&apos;, java.version: &apos;1.7.0_45&apos;
Session ID: 6b8dd1f6b5edbcd4ca647f0ee4481a5c
Driver info: org.openqa.selenium.chrome.ChromeDriver
Capabilities [{platform=XP, acceptSslCerts=true, javascriptEnabled=true, browserName=chrome, chrome={userDataDir=C:\Users\VIPUL~1.JAI\AppData\Local\Temp\scoped_dir35672_25174}, rotatable=false, locationContextEnabled=true, version=39.0.2171.99, takesHeapSnapshot=true, cssSelectorsEnabled=true, databaseEnabled=false, handlesAlerts=true, browserConnectionEnabled=false, nativeEvents=true, webStorageEnabled=true, applicationCacheEnabled=false, takesScreenshot=true}]
	at org.openqa.selenium.remote.ErrorHandler.createThrowable(ErrorHandler.java:204)
	at org.openqa.selenium.remote.ErrorHandler.throwIfResponseFailed(ErrorHandler.java:156)
	at org.openqa.selenium.remote.RemoteWebDriver.execute(RemoteWebDriver.java:599)
	at org.openqa.selenium.remote.RemoteWebDriver$RemoteWebDriverOptions$RemoteWindow.maximize(RemoteWebDriver.java:829)
	at com.hk.commonProperties.SharedProperties.openBrowser(Unknown Source)
	at com.hk.orderPlacement.GuestCheckoutOnline.login(Unknown Source)
... Removed 27 stack frames
</div> <!-- stack-trace -->
                </div> <!-- method-content -->
              </div> <!-- method -->
            </div> <!-- main-panel-content rounded-window-bottom -->
          </div> <!-- suite-TestNG_Test-class-failed -->
          <div class="suite-TestNG_Test-class-failed">
            <div class="main-panel-header rounded-window-top">
              <img src="failed.png"/>
              <span class="class-name">com.hk.scaledupOrderPlacement.RPUTest</span>
            </div> <!-- main-panel-header rounded-window-top -->
            <div class="main-panel-content rounded-window-bottom">
              <div class="method">
                <div class="method-content">
                  <a name="testRPU">
                  </a> <!-- testRPU -->
                  <span class="method-name">testRPU</span>
                  <div class="stack-trace">org.openqa.selenium.WebDriverException: unknown error: Chrome failed to start: exited normally
  (Driver info: chromedriver=2.7.236900,platform=Windows NT 6.1 SP1 x86_64) (WARNING: The server did not provide any stacktrace information)
Command duration or timeout: 22.43 seconds
Build info: version: &apos;2.42.2&apos;, revision: &apos;6a6995d&apos;, time: &apos;2014-06-03 17:42:30&apos;
System info: host: &apos;Tech-VipulJain&apos;, ip: &apos;192.168.56.1&apos;, os.name: &apos;Windows 7&apos;, os.arch: &apos;amd64&apos;, os.version: &apos;6.1&apos;, java.version: &apos;1.7.0_45&apos;
Driver info: org.openqa.selenium.chrome.ChromeDriver
	at org.openqa.selenium.remote.ErrorHandler.createThrowable(ErrorHandler.java:204)
	at org.openqa.selenium.remote.ErrorHandler.throwIfResponseFailed(ErrorHandler.java:156)
	at org.openqa.selenium.remote.RemoteWebDriver.execute(RemoteWebDriver.java:599)
	at org.openqa.selenium.remote.RemoteWebDriver.startSession(RemoteWebDriver.java:240)
	at org.openqa.selenium.remote.RemoteWebDriver.&lt;init&gt;(RemoteWebDriver.java:126)
	at org.openqa.selenium.remote.RemoteWebDriver.&lt;init&gt;(RemoteWebDriver.java:139)
	at org.openqa.selenium.chrome.ChromeDriver.&lt;init&gt;(ChromeDriver.java:171)
	at org.openqa.selenium.chrome.ChromeDriver.&lt;init&gt;(ChromeDriver.java:160)
	at org.openqa.selenium.chrome.ChromeDriver.&lt;init&gt;(ChromeDriver.java:117)
	at com.hk.commonProperties.SharedProperties.openBrowser(Unknown Source)
	at com.hk.scaledupOrderPlacement.RPUTest.testRPU(Unknown Source)
... Removed 27 stack frames
</div> <!-- stack-trace -->
                </div> <!-- method-content -->
              </div> <!-- method -->
            </div> <!-- main-panel-content rounded-window-bottom -->
          </div> <!-- suite-TestNG_Test-class-failed -->
          <div class="suite-TestNG_Test-class-failed">
            <div class="main-panel-header rounded-window-top">
              <img src="failed.png"/>
              <span class="class-name">com.hk.cancellation.TestAquaCancellation</span>
            </div> <!-- main-panel-header rounded-window-top -->
            <div class="main-panel-content rounded-window-bottom">
              <div class="method">
                <div class="method-content">
                  <a name="testAquaCancellation">
                  </a> <!-- testAquaCancellation -->
                  <span class="method-name">testAquaCancellation</span>
                  <div class="stack-trace">org.openqa.selenium.NoSuchWindowException: no such window: target window already closed
from unknown error: web view not found
  (Session info: chrome=39.0.2171.99)
  (Driver info: chromedriver=2.7.236900,platform=Windows NT 6.1 SP1 x86_64) (WARNING: The server did not provide any stacktrace information)
Command duration or timeout: 17 milliseconds
Build info: version: &apos;2.42.2&apos;, revision: &apos;6a6995d&apos;, time: &apos;2014-06-03 17:42:30&apos;
System info: host: &apos;Tech-VipulJain&apos;, ip: &apos;192.168.56.1&apos;, os.name: &apos;Windows 7&apos;, os.arch: &apos;amd64&apos;, os.version: &apos;6.1&apos;, java.version: &apos;1.7.0_45&apos;
Session ID: 08aff93b0d3b7d222b5cba14e7978f4b
Driver info: org.openqa.selenium.chrome.ChromeDriver
Capabilities [{platform=XP, acceptSslCerts=true, javascriptEnabled=true, browserName=chrome, chrome={userDataDir=C:\Users\VIPUL~1.JAI\AppData\Local\Temp\scoped_dir40752_32520}, rotatable=false, locationContextEnabled=true, version=39.0.2171.99, takesHeapSnapshot=true, cssSelectorsEnabled=true, databaseEnabled=false, handlesAlerts=true, browserConnectionEnabled=false, nativeEvents=true, webStorageEnabled=true, applicationCacheEnabled=false, takesScreenshot=true}]
	at org.openqa.selenium.remote.ErrorHandler.createThrowable(ErrorHandler.java:204)
	at org.openqa.selenium.remote.ErrorHandler.throwIfResponseFailed(ErrorHandler.java:156)
	at org.openqa.selenium.remote.RemoteWebDriver.execute(RemoteWebDriver.java:599)
	at org.openqa.selenium.remote.RemoteWebDriver.findElement(RemoteWebDriver.java:352)
	at org.openqa.selenium.remote.RemoteWebDriver.findElementByXPath(RemoteWebDriver.java:449)
	at org.openqa.selenium.By$ByXPath.findElement(By.java:357)
	at org.openqa.selenium.remote.RemoteWebDriver.findElement(RemoteWebDriver.java:344)
	at com.hk.commonProperties.SharedProperties.Click(Unknown Source)
	at com.hk.scaledupOrderPlacement.AppSpecificReusableMethods.selectDeliveryAddress(Unknown Source)
	at com.hk.cancellation.TestAquaCancellation.testAquaCancellation(Unknown Source)
... Removed 27 stack frames
</div> <!-- stack-trace -->
                </div> <!-- method-content -->
              </div> <!-- method -->
            </div> <!-- main-panel-content rounded-window-bottom -->
          </div> <!-- suite-TestNG_Test-class-failed -->
          <div class="suite-TestNG_Test-class-failed">
            <div class="main-panel-header rounded-window-top">
              <img src="failed.png"/>
              <span class="class-name">com.hk.scaledupOrderPlacement.StoreCheckoutTest</span>
            </div> <!-- main-panel-header rounded-window-top -->
            <div class="main-panel-content rounded-window-bottom">
              <div class="method">
                <div class="method-content">
                  <a name="testStoreCheckout">
                  </a> <!-- testStoreCheckout -->
                  <span class="method-name">testStoreCheckout</span>
                  <div class="stack-trace">org.openqa.selenium.NoSuchWindowException: no such window: target window already closed
from unknown error: web view not found
  (Session info: chrome=39.0.2171.99)
  (Driver info: chromedriver=2.7.236900,platform=Windows NT 6.1 SP1 x86_64) (WARNING: The server did not provide any stacktrace information)
Command duration or timeout: 17 milliseconds
Build info: version: &apos;2.42.2&apos;, revision: &apos;6a6995d&apos;, time: &apos;2014-06-03 17:42:30&apos;
System info: host: &apos;Tech-VipulJain&apos;, ip: &apos;192.168.56.1&apos;, os.name: &apos;Windows 7&apos;, os.arch: &apos;amd64&apos;, os.version: &apos;6.1&apos;, java.version: &apos;1.7.0_45&apos;
Session ID: 35c9392260dca6554b2ac9b4d68ac57f
Driver info: org.openqa.selenium.chrome.ChromeDriver
Capabilities [{platform=XP, acceptSslCerts=true, javascriptEnabled=true, browserName=chrome, chrome={userDataDir=C:\Users\VIPUL~1.JAI\AppData\Local\Temp\scoped_dir20052_18809}, rotatable=false, locationContextEnabled=true, version=39.0.2171.99, takesHeapSnapshot=true, cssSelectorsEnabled=true, databaseEnabled=false, handlesAlerts=true, browserConnectionEnabled=false, nativeEvents=true, webStorageEnabled=true, applicationCacheEnabled=false, takesScreenshot=true}]
	at org.openqa.selenium.remote.ErrorHandler.createThrowable(ErrorHandler.java:204)
	at org.openqa.selenium.remote.ErrorHandler.throwIfResponseFailed(ErrorHandler.java:156)
	at org.openqa.selenium.remote.RemoteWebDriver.execute(RemoteWebDriver.java:599)
	at org.openqa.selenium.remote.RemoteWebDriver.get(RemoteWebDriver.java:304)
	at org.openqa.selenium.remote.RemoteWebDriver$RemoteNavigation.to(RemoteWebDriver.java:846)
	at com.hk.scaledupOrderPlacement.StoreCheckoutTest.testStoreCheckout(Unknown Source)
... Removed 27 stack frames
</div> <!-- stack-trace -->
                </div> <!-- method-content -->
              </div> <!-- method -->
            </div> <!-- main-panel-content rounded-window-bottom -->
          </div> <!-- suite-TestNG_Test-class-failed -->
          <div class="suite-TestNG_Test-class-failed">
            <div class="main-panel-header rounded-window-top">
              <img src="failed.png"/>
              <span class="class-name">com.hk.orderPlacement.ExistingCodPlacement</span>
            </div> <!-- main-panel-header rounded-window-top -->
            <div class="main-panel-content rounded-window-bottom">
              <div class="method">
                <div class="method-content">
                  <a name="login(null)">
                  </a> <!-- login(null) -->
                  <span class="method-name">login</span>
                  <span class="parameters">(null)</span>
                  <div class="stack-trace">org.openqa.selenium.NoSuchWindowException: no such window: target window already closed
from unknown error: web view not found
  (Session info: chrome=39.0.2171.99)
  (Driver info: chromedriver=2.7.236900,platform=Windows NT 6.1 SP1 x86_64) (WARNING: The server did not provide any stacktrace information)
Command duration or timeout: 0 milliseconds
Build info: version: &apos;2.42.2&apos;, revision: &apos;6a6995d&apos;, time: &apos;2014-06-03 17:42:30&apos;
System info: host: &apos;Tech-VipulJain&apos;, ip: &apos;192.168.56.1&apos;, os.name: &apos;Windows 7&apos;, os.arch: &apos;amd64&apos;, os.version: &apos;6.1&apos;, java.version: &apos;1.7.0_45&apos;
Session ID: 10a4ea3aa90afa9910a063d981a30037
Driver info: org.openqa.selenium.chrome.ChromeDriver
Capabilities [{platform=XP, acceptSslCerts=true, javascriptEnabled=true, browserName=chrome, chrome={userDataDir=C:\Users\VIPUL~1.JAI\AppData\Local\Temp\scoped_dir31968_3393}, rotatable=false, locationContextEnabled=true, version=39.0.2171.99, takesHeapSnapshot=true, cssSelectorsEnabled=true, databaseEnabled=false, handlesAlerts=true, browserConnectionEnabled=false, nativeEvents=true, webStorageEnabled=true, applicationCacheEnabled=false, takesScreenshot=true}]
	at org.openqa.selenium.remote.ErrorHandler.createThrowable(ErrorHandler.java:204)
	at org.openqa.selenium.remote.ErrorHandler.throwIfResponseFailed(ErrorHandler.java:156)
	at org.openqa.selenium.remote.RemoteWebDriver.execute(RemoteWebDriver.java:599)
	at org.openqa.selenium.remote.RemoteWebDriver.get(RemoteWebDriver.java:304)
	at org.openqa.selenium.remote.RemoteWebDriver$RemoteNavigation.to(RemoteWebDriver.java:846)
	at com.hk.orderPlacement.ExistingCodPlacement.login(Unknown Source)
... Removed 27 stack frames
</div> <!-- stack-trace -->
                </div> <!-- method-content -->
              </div> <!-- method -->
            </div> <!-- main-panel-content rounded-window-bottom -->
          </div> <!-- suite-TestNG_Test-class-failed -->
          <div class="suite-TestNG_Test-class-failed">
            <div class="main-panel-header rounded-window-top">
              <img src="failed.png"/>
              <span class="class-name">com.hk.warehouseSpecific.MUMRtoTest</span>
            </div> <!-- main-panel-header rounded-window-top -->
            <div class="main-panel-content rounded-window-bottom">
              <div class="method">
                <div class="method-content">
                  <a name="testMUMRto">
                  </a> <!-- testMUMRto -->
                  <span class="method-name">testMUMRto</span>
                  <div class="stack-trace">org.openqa.selenium.WebDriverException: unknown error: cannot get automation extension
from disconnected: Unable to receive message from renderer
  (Session info: chrome=39.0.2171.99)
  (Driver info: chromedriver=2.7.236900,platform=Windows NT 6.1 SP1 x86_64) (WARNING: The server did not provide any stacktrace information)
Command duration or timeout: 2.86 seconds
Build info: version: &apos;2.42.2&apos;, revision: &apos;6a6995d&apos;, time: &apos;2014-06-03 17:42:30&apos;
System info: host: &apos;Tech-VipulJain&apos;, ip: &apos;192.168.56.1&apos;, os.name: &apos;Windows 7&apos;, os.arch: &apos;amd64&apos;, os.version: &apos;6.1&apos;, java.version: &apos;1.7.0_45&apos;
Session ID: 61f55fae03f5a53afd2423eef8638e53
Driver info: org.openqa.selenium.chrome.ChromeDriver
Capabilities [{platform=XP, acceptSslCerts=true, javascriptEnabled=true, browserName=chrome, chrome={userDataDir=C:\Users\VIPUL~1.JAI\AppData\Local\Temp\scoped_dir36028_15731}, rotatable=false, locationContextEnabled=true, version=39.0.2171.99, takesHeapSnapshot=true, cssSelectorsEnabled=true, databaseEnabled=false, handlesAlerts=true, browserConnectionEnabled=false, nativeEvents=true, webStorageEnabled=true, applicationCacheEnabled=false, takesScreenshot=true}]
	at org.openqa.selenium.remote.ErrorHandler.createThrowable(ErrorHandler.java:204)
	at org.openqa.selenium.remote.ErrorHandler.throwIfResponseFailed(ErrorHandler.java:156)
	at org.openqa.selenium.remote.RemoteWebDriver.execute(RemoteWebDriver.java:599)
	at org.openqa.selenium.remote.RemoteWebDriver$RemoteWebDriverOptions$RemoteWindow.maximize(RemoteWebDriver.java:829)
	at com.hk.commonProperties.SharedProperties.openBrowser(Unknown Source)
	at com.hk.warehouseSpecific.MUMRtoTest.testMUMRto(Unknown Source)
... Removed 26 stack frames
</div> <!-- stack-trace -->
                </div> <!-- method-content -->
              </div> <!-- method -->
            </div> <!-- main-panel-content rounded-window-bottom -->
          </div> <!-- suite-TestNG_Test-class-failed -->
          <div class="suite-TestNG_Test-class-failed">
            <div class="main-panel-header rounded-window-top">
              <img src="failed.png"/>
              <span class="class-name">com.hk.warehouseSpecific.DwarkaStoreAutoFlipping</span>
            </div> <!-- main-panel-header rounded-window-top -->
            <div class="main-panel-content rounded-window-bottom">
              <div class="method">
                <div class="method-content">
                  <a name="testDwarkaStoreAutoFlipping">
                  </a> <!-- testDwarkaStoreAutoFlipping -->
                  <span class="method-name">testDwarkaStoreAutoFlipping</span>
                  <div class="stack-trace">org.openqa.selenium.WebDriverException: unknown error: cannot get automation extension
from disconnected: received Inspector.detached event
  (Session info: chrome=39.0.2171.99)
  (Driver info: chromedriver=2.7.236900,platform=Windows NT 6.1 SP1 x86_64) (WARNING: The server did not provide any stacktrace information)
Command duration or timeout: 2.76 seconds
Build info: version: &apos;2.42.2&apos;, revision: &apos;6a6995d&apos;, time: &apos;2014-06-03 17:42:30&apos;
System info: host: &apos;Tech-VipulJain&apos;, ip: &apos;192.168.56.1&apos;, os.name: &apos;Windows 7&apos;, os.arch: &apos;amd64&apos;, os.version: &apos;6.1&apos;, java.version: &apos;1.7.0_45&apos;
Session ID: 972196a58b856ee4565f8be0dd9219f0
Driver info: org.openqa.selenium.chrome.ChromeDriver
Capabilities [{platform=XP, acceptSslCerts=true, javascriptEnabled=true, browserName=chrome, chrome={userDataDir=C:\Users\VIPUL~1.JAI\AppData\Local\Temp\scoped_dir31752_6497}, rotatable=false, locationContextEnabled=true, version=39.0.2171.99, takesHeapSnapshot=true, cssSelectorsEnabled=true, databaseEnabled=false, handlesAlerts=true, browserConnectionEnabled=false, nativeEvents=true, webStorageEnabled=true, applicationCacheEnabled=false, takesScreenshot=true}]
	at org.openqa.selenium.remote.ErrorHandler.createThrowable(ErrorHandler.java:204)
	at org.openqa.selenium.remote.ErrorHandler.throwIfResponseFailed(ErrorHandler.java:156)
	at org.openqa.selenium.remote.RemoteWebDriver.execute(RemoteWebDriver.java:599)
	at org.openqa.selenium.remote.RemoteWebDriver$RemoteWebDriverOptions$RemoteWindow.maximize(RemoteWebDriver.java:829)
	at com.hk.commonProperties.SharedProperties.openBrowser(Unknown Source)
	at com.hk.warehouseSpecific.DwarkaStoreAutoFlipping.testDwarkaStoreAutoFlipping(Unknown Source)
... Removed 27 stack frames
</div> <!-- stack-trace -->
                </div> <!-- method-content -->
              </div> <!-- method -->
            </div> <!-- main-panel-content rounded-window-bottom -->
          </div> <!-- suite-TestNG_Test-class-failed -->
          <div class="suite-TestNG_Test-class-failed">
            <div class="main-panel-header rounded-window-top">
              <img src="failed.png"/>
              <span class="class-name">com.hk.warehouseSpecific.MUMSplitSOTest</span>
            </div> <!-- main-panel-header rounded-window-top -->
            <div class="main-panel-content rounded-window-bottom">
              <div class="method">
                <div class="method-content">
                  <a name="testMUMSplitSO">
                  </a> <!-- testMUMSplitSO -->
                  <span class="method-name">testMUMSplitSO</span>
                  <div class="stack-trace">org.openqa.selenium.WebDriverException: unknown error: cannot get automation extension
from disconnected: Unable to receive message from renderer
  (Session info: chrome=39.0.2171.99)
  (Driver info: chromedriver=2.7.236900,platform=Windows NT 6.1 SP1 x86_64) (WARNING: The server did not provide any stacktrace information)
Command duration or timeout: 4.86 seconds
Build info: version: &apos;2.42.2&apos;, revision: &apos;6a6995d&apos;, time: &apos;2014-06-03 17:42:30&apos;
System info: host: &apos;Tech-VipulJain&apos;, ip: &apos;192.168.56.1&apos;, os.name: &apos;Windows 7&apos;, os.arch: &apos;amd64&apos;, os.version: &apos;6.1&apos;, java.version: &apos;1.7.0_45&apos;
Session ID: a00ab5dc953454cd2a9f35473ff906e9
Driver info: org.openqa.selenium.chrome.ChromeDriver
Capabilities [{platform=XP, acceptSslCerts=true, javascriptEnabled=true, browserName=chrome, chrome={userDataDir=C:\Users\VIPUL~1.JAI\AppData\Local\Temp\scoped_dir31712_24240}, rotatable=false, locationContextEnabled=true, version=39.0.2171.99, takesHeapSnapshot=true, cssSelectorsEnabled=true, databaseEnabled=false, handlesAlerts=true, browserConnectionEnabled=false, nativeEvents=true, webStorageEnabled=true, applicationCacheEnabled=false, takesScreenshot=true}]
	at org.openqa.selenium.remote.ErrorHandler.createThrowable(ErrorHandler.java:204)
	at org.openqa.selenium.remote.ErrorHandler.throwIfResponseFailed(ErrorHandler.java:156)
	at org.openqa.selenium.remote.RemoteWebDriver.execute(RemoteWebDriver.java:599)
	at org.openqa.selenium.remote.RemoteWebDriver$RemoteWebDriverOptions$RemoteWindow.maximize(RemoteWebDriver.java:829)
	at com.hk.commonProperties.SharedProperties.openBrowser(Unknown Source)
	at com.hk.warehouseSpecific.MUMSplitSOTest.testMUMSplitSO(Unknown Source)
... Removed 26 stack frames
</div> <!-- stack-trace -->
                </div> <!-- method-content -->
              </div> <!-- method -->
            </div> <!-- main-panel-content rounded-window-bottom -->
          </div> <!-- suite-TestNG_Test-class-failed -->
          <div class="suite-TestNG_Test-class-failed">
            <div class="main-panel-header rounded-window-top">
              <img src="failed.png"/>
              <span class="class-name">com.hk.scaledupOrderPlacement.AddressChangeTest</span>
            </div> <!-- main-panel-header rounded-window-top -->
            <div class="main-panel-content rounded-window-bottom">
              <div class="method">
                <div class="method-content">
                  <a name="testAddressChange">
                  </a> <!-- testAddressChange -->
                  <span class="method-name">testAddressChange</span>
                  <div class="stack-trace">org.openqa.selenium.WebDriverException: unknown error: cannot get automation extension
from chrome not reachable
  (Session info: chrome=39.0.2171.99)
  (Driver info: chromedriver=2.7.236900,platform=Windows NT 6.1 SP1 x86_64) (WARNING: The server did not provide any stacktrace information)
Command duration or timeout: 3.32 seconds
Build info: version: &apos;2.42.2&apos;, revision: &apos;6a6995d&apos;, time: &apos;2014-06-03 17:42:30&apos;
System info: host: &apos;Tech-VipulJain&apos;, ip: &apos;192.168.56.1&apos;, os.name: &apos;Windows 7&apos;, os.arch: &apos;amd64&apos;, os.version: &apos;6.1&apos;, java.version: &apos;1.7.0_45&apos;
Session ID: a1e18cb8b418b0d851493011bad2d61c
Driver info: org.openqa.selenium.chrome.ChromeDriver
Capabilities [{platform=XP, acceptSslCerts=true, javascriptEnabled=true, browserName=chrome, chrome={userDataDir=C:\Users\VIPUL~1.JAI\AppData\Local\Temp\scoped_dir40192_15472}, rotatable=false, locationContextEnabled=true, version=39.0.2171.99, takesHeapSnapshot=true, cssSelectorsEnabled=true, databaseEnabled=false, handlesAlerts=true, browserConnectionEnabled=false, nativeEvents=true, webStorageEnabled=true, applicationCacheEnabled=false, takesScreenshot=true}]
	at org.openqa.selenium.remote.ErrorHandler.createThrowable(ErrorHandler.java:204)
	at org.openqa.selenium.remote.ErrorHandler.throwIfResponseFailed(ErrorHandler.java:156)
	at org.openqa.selenium.remote.RemoteWebDriver.execute(RemoteWebDriver.java:599)
	at org.openqa.selenium.remote.RemoteWebDriver$RemoteWebDriverOptions$RemoteWindow.maximize(RemoteWebDriver.java:829)
	at com.hk.commonProperties.SharedProperties.openBrowser(Unknown Source)
	at com.hk.scaledupOrderPlacement.AddressChangeTest.testAddressChange(Unknown Source)
... Removed 27 stack frames
</div> <!-- stack-trace -->
                </div> <!-- method-content -->
              </div> <!-- method -->
            </div> <!-- main-panel-content rounded-window-bottom -->
          </div> <!-- suite-TestNG_Test-class-failed -->
          <div class="suite-TestNG_Test-class-failed">
            <div class="main-panel-header rounded-window-top">
              <img src="failed.png"/>
              <span class="class-name">com.hk.warehouseSpecific.MUMFlipSOTest</span>
            </div> <!-- main-panel-header rounded-window-top -->
            <div class="main-panel-content rounded-window-bottom">
              <div class="method">
                <div class="method-content">
                  <a name="testMUMFlipSO">
                  </a> <!-- testMUMFlipSO -->
                  <span class="method-name">testMUMFlipSO</span>
                  <div class="stack-trace">org.openqa.selenium.NoSuchWindowException: no such window: target window already closed
from unknown error: web view not found
  (Session info: chrome=39.0.2171.99)
  (Driver info: chromedriver=2.7.236900,platform=Windows NT 6.1 SP1 x86_64) (WARNING: The server did not provide any stacktrace information)
Command duration or timeout: 25 milliseconds
Build info: version: &apos;2.42.2&apos;, revision: &apos;6a6995d&apos;, time: &apos;2014-06-03 17:42:30&apos;
System info: host: &apos;Tech-VipulJain&apos;, ip: &apos;192.168.56.1&apos;, os.name: &apos;Windows 7&apos;, os.arch: &apos;amd64&apos;, os.version: &apos;6.1&apos;, java.version: &apos;1.7.0_45&apos;
Session ID: 3b1098bffb5690a8ed76e7c0b811ce00
Driver info: org.openqa.selenium.chrome.ChromeDriver
Capabilities [{platform=XP, acceptSslCerts=true, javascriptEnabled=true, browserName=chrome, chrome={userDataDir=C:\Users\VIPUL~1.JAI\AppData\Local\Temp\scoped_dir12648_19848}, rotatable=false, locationContextEnabled=true, version=39.0.2171.99, takesHeapSnapshot=true, cssSelectorsEnabled=true, databaseEnabled=false, handlesAlerts=true, browserConnectionEnabled=false, nativeEvents=true, webStorageEnabled=true, applicationCacheEnabled=false, takesScreenshot=true}]
	at org.openqa.selenium.remote.ErrorHandler.createThrowable(ErrorHandler.java:204)
	at org.openqa.selenium.remote.ErrorHandler.throwIfResponseFailed(ErrorHandler.java:156)
	at org.openqa.selenium.remote.RemoteWebDriver.execute(RemoteWebDriver.java:599)
	at org.openqa.selenium.remote.RemoteWebDriver.get(RemoteWebDriver.java:304)
	at org.openqa.selenium.remote.RemoteWebDriver$RemoteNavigation.to(RemoteWebDriver.java:846)
	at com.hk.warehouseSpecific.MUMFlipSOTest.testMUMFlipSO(Unknown Source)
... Removed 27 stack frames
</div> <!-- stack-trace -->
                </div> <!-- method-content -->
              </div> <!-- method -->
            </div> <!-- main-panel-content rounded-window-bottom -->
          </div> <!-- suite-TestNG_Test-class-failed -->
          <div class="suite-TestNG_Test-class-failed">
            <div class="main-panel-header rounded-window-top">
              <img src="failed.png"/>
              <span class="class-name">com.hk.scaledupOrderPlacement.SplitSOTest</span>
            </div> <!-- main-panel-header rounded-window-top -->
            <div class="main-panel-content rounded-window-bottom">
              <div class="method">
                <div class="method-content">
                  <a name="doSplitSOTest">
                  </a> <!-- doSplitSOTest -->
                  <span class="method-name">doSplitSOTest</span>
                  <div class="stack-trace">org.openqa.selenium.WebDriverException: unknown error: Chrome failed to start: exited normally
  (Driver info: chromedriver=2.7.236900,platform=Windows NT 6.1 SP1 x86_64) (WARNING: The server did not provide any stacktrace information)
Command duration or timeout: 22.17 seconds
Build info: version: &apos;2.42.2&apos;, revision: &apos;6a6995d&apos;, time: &apos;2014-06-03 17:42:30&apos;
System info: host: &apos;Tech-VipulJain&apos;, ip: &apos;192.168.56.1&apos;, os.name: &apos;Windows 7&apos;, os.arch: &apos;amd64&apos;, os.version: &apos;6.1&apos;, java.version: &apos;1.7.0_45&apos;
Driver info: org.openqa.selenium.chrome.ChromeDriver
	at org.openqa.selenium.remote.ErrorHandler.createThrowable(ErrorHandler.java:204)
	at org.openqa.selenium.remote.ErrorHandler.throwIfResponseFailed(ErrorHandler.java:156)
	at org.openqa.selenium.remote.RemoteWebDriver.execute(RemoteWebDriver.java:599)
	at org.openqa.selenium.remote.RemoteWebDriver.startSession(RemoteWebDriver.java:240)
	at org.openqa.selenium.remote.RemoteWebDriver.&lt;init&gt;(RemoteWebDriver.java:126)
	at org.openqa.selenium.remote.RemoteWebDriver.&lt;init&gt;(RemoteWebDriver.java:139)
	at org.openqa.selenium.chrome.ChromeDriver.&lt;init&gt;(ChromeDriver.java:171)
	at org.openqa.selenium.chrome.ChromeDriver.&lt;init&gt;(ChromeDriver.java:160)
	at org.openqa.selenium.chrome.ChromeDriver.&lt;init&gt;(ChromeDriver.java:117)
	at com.hk.commonProperties.SharedProperties.openBrowser(Unknown Source)
	at com.hk.scaledupOrderPlacement.SplitSOTest.doSplitSOTest(Unknown Source)
... Removed 26 stack frames
</div> <!-- stack-trace -->
                </div> <!-- method-content -->
              </div> <!-- method -->
            </div> <!-- main-panel-content rounded-window-bottom -->
          </div> <!-- suite-TestNG_Test-class-failed -->
          <div class="suite-TestNG_Test-class-failed">
            <div class="main-panel-header rounded-window-top">
              <img src="failed.png"/>
              <span class="class-name">com.hk.orderPlacement.SignupOrderOnline</span>
            </div> <!-- main-panel-header rounded-window-top -->
            <div class="main-panel-content rounded-window-bottom">
              <div class="method">
                <div class="method-content">
                  <a name="login(null)">
                  </a> <!-- login(null) -->
                  <span class="method-name">login</span>
                  <span class="parameters">(null)</span>
                  <div class="stack-trace">org.openqa.selenium.WebDriverException: unknown error: cannot get automation extension
from unknown error: cannot determine loading status
from disconnected: received Inspector.detached event
  (Session info: chrome=39.0.2171.99)
  (Driver info: chromedriver=2.7.236900,platform=Windows NT 6.1 SP1 x86_64) (WARNING: The server did not provide any stacktrace information)
Command duration or timeout: 1.69 seconds
Build info: version: &apos;2.42.2&apos;, revision: &apos;6a6995d&apos;, time: &apos;2014-06-03 17:42:30&apos;
System info: host: &apos;Tech-VipulJain&apos;, ip: &apos;192.168.56.1&apos;, os.name: &apos;Windows 7&apos;, os.arch: &apos;amd64&apos;, os.version: &apos;6.1&apos;, java.version: &apos;1.7.0_45&apos;
Session ID: a63a855254cc278fcb2639f17712ec09
Driver info: org.openqa.selenium.chrome.ChromeDriver
Capabilities [{platform=XP, acceptSslCerts=true, javascriptEnabled=true, browserName=chrome, chrome={userDataDir=C:\Users\VIPUL~1.JAI\AppData\Local\Temp\scoped_dir43664_15769}, rotatable=false, locationContextEnabled=true, version=39.0.2171.99, takesHeapSnapshot=true, cssSelectorsEnabled=true, databaseEnabled=false, handlesAlerts=true, browserConnectionEnabled=false, nativeEvents=true, webStorageEnabled=true, applicationCacheEnabled=false, takesScreenshot=true}]
	at org.openqa.selenium.remote.ErrorHandler.createThrowable(ErrorHandler.java:204)
	at org.openqa.selenium.remote.ErrorHandler.throwIfResponseFailed(ErrorHandler.java:156)
	at org.openqa.selenium.remote.RemoteWebDriver.execute(RemoteWebDriver.java:599)
	at org.openqa.selenium.remote.RemoteWebDriver$RemoteWebDriverOptions$RemoteWindow.maximize(RemoteWebDriver.java:829)
	at com.hk.commonProperties.SharedProperties.openBrowser(Unknown Source)
	at com.hk.orderPlacement.SignupOrderOnline.login(Unknown Source)
... Removed 27 stack frames
</div> <!-- stack-trace -->
                </div> <!-- method-content -->
              </div> <!-- method -->
            </div> <!-- main-panel-content rounded-window-bottom -->
          </div> <!-- suite-TestNG_Test-class-failed -->
          <div class="suite-TestNG_Test-class-failed">
            <div class="main-panel-header rounded-window-top">
              <img src="failed.png"/>
              <span class="class-name">com.hk.warehouseSpecific.DwarkaStoreRPUCheckin</span>
            </div> <!-- main-panel-header rounded-window-top -->
            <div class="main-panel-content rounded-window-bottom">
              <div class="method">
                <div class="method-content">
                  <a name="testDwarkaStoreRPUCheckin">
                  </a> <!-- testDwarkaStoreRPUCheckin -->
                  <span class="method-name">testDwarkaStoreRPUCheckin</span>
                  <div class="stack-trace">org.openqa.selenium.WebDriverException: unknown error: cannot determine loading status
from disconnected: Unable to receive message from renderer
  (Session info: chrome=39.0.2171.99)
  (Driver info: chromedriver=2.7.236900,platform=Windows NT 6.1 SP1 x86_64) (WARNING: The server did not provide any stacktrace information)
Command duration or timeout: 941 milliseconds
Build info: version: &apos;2.42.2&apos;, revision: &apos;6a6995d&apos;, time: &apos;2014-06-03 17:42:30&apos;
System info: host: &apos;Tech-VipulJain&apos;, ip: &apos;192.168.56.1&apos;, os.name: &apos;Windows 7&apos;, os.arch: &apos;amd64&apos;, os.version: &apos;6.1&apos;, java.version: &apos;1.7.0_45&apos;
Session ID: df65ae87c09617c97427ffd3a193d533
Driver info: org.openqa.selenium.chrome.ChromeDriver
Capabilities [{platform=XP, acceptSslCerts=true, javascriptEnabled=true, browserName=chrome, chrome={userDataDir=C:\Users\VIPUL~1.JAI\AppData\Local\Temp\scoped_dir40448_32198}, rotatable=false, locationContextEnabled=true, version=39.0.2171.99, takesHeapSnapshot=true, cssSelectorsEnabled=true, databaseEnabled=false, handlesAlerts=true, browserConnectionEnabled=false, nativeEvents=true, webStorageEnabled=true, applicationCacheEnabled=false, takesScreenshot=true}]
	at org.openqa.selenium.remote.ErrorHandler.createThrowable(ErrorHandler.java:204)
	at org.openqa.selenium.remote.ErrorHandler.throwIfResponseFailed(ErrorHandler.java:156)
	at org.openqa.selenium.remote.RemoteWebDriver.execute(RemoteWebDriver.java:599)
	at org.openqa.selenium.remote.RemoteWebDriver.get(RemoteWebDriver.java:304)
	at com.hk.commonProperties.SharedProperties.openBrowser(Unknown Source)
	at com.hk.warehouseSpecific.DwarkaStoreRPUCheckin.testDwarkaStoreRPUCheckin(Unknown Source)
... Removed 26 stack frames
</div> <!-- stack-trace -->
                </div> <!-- method-content -->
              </div> <!-- method -->
            </div> <!-- main-panel-content rounded-window-bottom -->
          </div> <!-- suite-TestNG_Test-class-failed -->
          <div class="suite-TestNG_Test-class-failed">
            <div class="main-panel-header rounded-window-top">
              <img src="failed.png"/>
              <span class="class-name">com.hk.warehouseSpecific.MUMRpuTest</span>
            </div> <!-- main-panel-header rounded-window-top -->
            <div class="main-panel-content rounded-window-bottom">
              <div class="method">
                <div class="method-content">
                  <a name="testMUMRpu">
                  </a> <!-- testMUMRpu -->
                  <span class="method-name">testMUMRpu</span>
                  <div class="stack-trace">org.openqa.selenium.WebDriverException: unknown error: cannot get automation extension
from disconnected: received Inspector.detached event
  (Session info: chrome=39.0.2171.99)
  (Driver info: chromedriver=2.7.236900,platform=Windows NT 6.1 SP1 x86_64) (WARNING: The server did not provide any stacktrace information)
Command duration or timeout: 2.80 seconds
Build info: version: &apos;2.42.2&apos;, revision: &apos;6a6995d&apos;, time: &apos;2014-06-03 17:42:30&apos;
System info: host: &apos;Tech-VipulJain&apos;, ip: &apos;192.168.56.1&apos;, os.name: &apos;Windows 7&apos;, os.arch: &apos;amd64&apos;, os.version: &apos;6.1&apos;, java.version: &apos;1.7.0_45&apos;
Session ID: 3fa2de51255966806307ef9c8bf38e27
Driver info: org.openqa.selenium.chrome.ChromeDriver
Capabilities [{platform=XP, acceptSslCerts=true, javascriptEnabled=true, browserName=chrome, chrome={userDataDir=C:\Users\VIPUL~1.JAI\AppData\Local\Temp\scoped_dir29664_10413}, rotatable=false, locationContextEnabled=true, version=39.0.2171.99, takesHeapSnapshot=true, cssSelectorsEnabled=true, databaseEnabled=false, handlesAlerts=true, browserConnectionEnabled=false, nativeEvents=true, webStorageEnabled=true, applicationCacheEnabled=false, takesScreenshot=true}]
	at org.openqa.selenium.remote.ErrorHandler.createThrowable(ErrorHandler.java:204)
	at org.openqa.selenium.remote.ErrorHandler.throwIfResponseFailed(ErrorHandler.java:156)
	at org.openqa.selenium.remote.RemoteWebDriver.execute(RemoteWebDriver.java:599)
	at org.openqa.selenium.remote.RemoteWebDriver$RemoteWebDriverOptions$RemoteWindow.maximize(RemoteWebDriver.java:829)
	at com.hk.commonProperties.SharedProperties.openBrowser(Unknown Source)
	at com.hk.warehouseSpecific.MUMRpuTest.testMUMRpu(Unknown Source)
... Removed 26 stack frames
</div> <!-- stack-trace -->
                </div> <!-- method-content -->
              </div> <!-- method -->
            </div> <!-- main-panel-content rounded-window-bottom -->
          </div> <!-- suite-TestNG_Test-class-failed -->
          <div class="suite-TestNG_Test-class-skipped">
            <div class="main-panel-header rounded-window-top">
              <img src="skipped.png"/>
              <span class="class-name">com.hk.warehouseSpecific.HYDCFACancellation</span>
            </div> <!-- main-panel-header rounded-window-top -->
            <div class="main-panel-content rounded-window-bottom">
              <div class="method">
                <div class="method-content">
                  <a name="testHYDCFACancellation">
                  </a> <!-- testHYDCFACancellation -->
                  <span class="method-name">testHYDCFACancellation</span>
                </div> <!-- method-content -->
              </div> <!-- method -->
            </div> <!-- main-panel-content rounded-window-bottom -->
          </div> <!-- suite-TestNG_Test-class-skipped -->
          <div class="suite-TestNG_Test-class-skipped">
            <div class="main-panel-header rounded-window-top">
              <img src="skipped.png"/>
              <span class="class-name">com.hk.orderPlacement.CouponOnlineOrder</span>
            </div> <!-- main-panel-header rounded-window-top -->
            <div class="main-panel-content rounded-window-bottom">
              <div class="method">
                <div class="method-content">
                  <a name="login(null)">
                  </a> <!-- login(null) -->
                  <span class="method-name">login</span>
                  <span class="parameters">(null)</span>
                </div> <!-- method-content -->
              </div> <!-- method -->
            </div> <!-- main-panel-content rounded-window-bottom -->
          </div> <!-- suite-TestNG_Test-class-skipped -->
        </div> <!-- panel TestNG_Test -->
        <div panel-name="test-xml-TestNG_Test" class="panel">
          <div class="main-panel-header rounded-window-top">
            <span class="header-content">C:\Workspace\Automation_testing_v4_Vipul\testng.xml</span>
          </div> <!-- main-panel-header rounded-window-top -->
          <div class="main-panel-content rounded-window-bottom">
            <pre>
&lt;?xml version=&quot;1.0&quot; encoding=&quot;UTF-8&quot;?&gt;
&lt;!DOCTYPE suite SYSTEM &quot;http://testng.org/testng-1.0.dtd&quot;&gt;
&lt;suite name=&quot;TestNG Test&quot;&gt;
  &lt;parameter name=&quot;useDefaultListeners&quot; value=&quot;false&quot;/&gt;
  &lt;listeners&gt;
    &lt;listener class-name=&quot;org.uncommons.reportng.HTMLReporter&quot;/&gt;
    &lt;listener class-name=&quot;org.uncommons.reportng.JUnitXMLReporter&quot;/&gt;
    &lt;listener class-name=&quot;com.hk.reportAndMailGenerator.ReportListener&quot;/&gt;
  &lt;/listeners&gt;
  &lt;test name=&quot;HealthKart Automation Suite&quot;&gt;
    &lt;packages&gt;
      &lt;package name=&quot;com.hk.commonProperties&quot;/&gt;
      &lt;package name=&quot;com.hk.cancellation&quot;/&gt;
      &lt;package name=&quot;com.hk.scaledupOrderPlacement&quot;/&gt;
      &lt;package name=&quot;com.hk.orderPlacement&quot;/&gt;
      &lt;package name=&quot;com.hk.poscheckout&quot;/&gt;
      &lt;package name=&quot;com.hk.warehouseSpecific&quot;/&gt;
    &lt;/packages&gt;
    &lt;classes&gt;
      &lt;class name=&quot;com.hk.commonProperties.SharedProperties&quot;/&gt;
      &lt;class name=&quot;com.hk.cancellation.TestAquaCancellation&quot;/&gt;
      &lt;class name=&quot;com.hk.cancellation.TestMPCatalogCancellation&quot;/&gt;
      &lt;class name=&quot;com.hk.cancellation.TestWebCancellation&quot;/&gt;
      &lt;class name=&quot;com.hk.scaledupOrderPlacement.AddressChangeTest&quot;/&gt;
      &lt;class name=&quot;com.hk.scaledupOrderPlacement.AppSpecificReusableMethods&quot;/&gt;
      &lt;class name=&quot;com.hk.scaledupOrderPlacement.DoFlip&quot;/&gt;
      &lt;class name=&quot;com.hk.scaledupOrderPlacement.DoRPU&quot;/&gt;
      &lt;class name=&quot;com.hk.scaledupOrderPlacement.DoRTO&quot;/&gt;
      &lt;class name=&quot;com.hk.scaledupOrderPlacement.DoSplitSO&quot;/&gt;
      &lt;class name=&quot;com.hk.scaledupOrderPlacement.ExistingOnline&quot;/&gt;
      &lt;class name=&quot;com.hk.scaledupOrderPlacement.FetchBarcode&quot;/&gt;
      &lt;class name=&quot;com.hk.scaledupOrderPlacement.FetchBarcodeRTO&quot;/&gt;
      &lt;class name=&quot;com.hk.scaledupOrderPlacement.FlipTest&quot;/&gt;
      &lt;class name=&quot;com.hk.scaledupOrderPlacement.GetBatchNumber&quot;/&gt;
      &lt;class name=&quot;com.hk.scaledupOrderPlacement.MultiVariantOrderCheckout&quot;/&gt;
      &lt;class name=&quot;com.hk.scaledupOrderPlacement.RPUTest&quot;/&gt;
      &lt;class name=&quot;com.hk.scaledupOrderPlacement.RTOTest&quot;/&gt;
      &lt;class name=&quot;com.hk.scaledupOrderPlacement.SplitSOTest&quot;/&gt;
      &lt;class name=&quot;com.hk.scaledupOrderPlacement.StoreCheckoutBarcodes&quot;/&gt;
      &lt;class name=&quot;com.hk.scaledupOrderPlacement.StoreCheckoutTest&quot;/&gt;
      &lt;class name=&quot;com.hk.scaledupOrderPlacement.TestMRPChange&quot;/&gt;
      &lt;class name=&quot;com.hk.orderPlacement.CouponOnlineOrder&quot;/&gt;
      &lt;class name=&quot;com.hk.orderPlacement.ExistingCodPlacement&quot;/&gt;
      &lt;class name=&quot;com.hk.orderPlacement.ExistingOnlineOrder&quot;/&gt;
      &lt;class name=&quot;com.hk.orderPlacement.GuestCheckoutCod&quot;/&gt;
      &lt;class name=&quot;com.hk.orderPlacement.GuestCheckoutOnline&quot;/&gt;
      &lt;class name=&quot;com.hk.orderPlacement.OrderDetailsUtil&quot;/&gt;
      &lt;class name=&quot;com.hk.orderPlacement.SignupCodOrder&quot;/&gt;
      &lt;class name=&quot;com.hk.orderPlacement.SignupOrderOnline&quot;/&gt;
      &lt;class name=&quot;com.hk.poscheckout.BarcodeStatus&quot;/&gt;
      &lt;class name=&quot;com.hk.poscheckout.POSCheckout&quot;/&gt;
      &lt;class name=&quot;com.hk.warehouseSpecific.BLRCFACancellation&quot;/&gt;
      &lt;class name=&quot;com.hk.warehouseSpecific.BLRCFARpuTest&quot;/&gt;
      &lt;class name=&quot;com.hk.warehouseSpecific.DwarkaStoreAutoFlipping&quot;/&gt;
      &lt;class name=&quot;com.hk.warehouseSpecific.DwarkaStoreRPUCheckin&quot;/&gt;
      &lt;class name=&quot;com.hk.warehouseSpecific.DwarkaStoreRTOCheckin&quot;/&gt;
      &lt;class name=&quot;com.hk.warehouseSpecific.GGNCancellation&quot;/&gt;
      &lt;class name=&quot;com.hk.warehouseSpecific.GGNFlipSOTest&quot;/&gt;
      &lt;class name=&quot;com.hk.warehouseSpecific.GGNRpuTest&quot;/&gt;
      &lt;class name=&quot;com.hk.warehouseSpecific.GGNRtoTest&quot;/&gt;
      &lt;class name=&quot;com.hk.warehouseSpecific.GGNSplitSOTest&quot;/&gt;
      &lt;class name=&quot;com.hk.warehouseSpecific.HYDCFACancellation&quot;/&gt;
      &lt;class name=&quot;com.hk.warehouseSpecific.HYDCFARpuTest&quot;/&gt;
      &lt;class name=&quot;com.hk.warehouseSpecific.HYDCFARtoTest&quot;/&gt;
      &lt;class name=&quot;com.hk.warehouseSpecific.MUMCancellation&quot;/&gt;
      &lt;class name=&quot;com.hk.warehouseSpecific.MUMCFACancellation&quot;/&gt;
      &lt;class name=&quot;com.hk.warehouseSpecific.MUMCFARpuTest&quot;/&gt;
      &lt;class name=&quot;com.hk.warehouseSpecific.MUMCFARtoTest&quot;/&gt;
      &lt;class name=&quot;com.hk.warehouseSpecific.MUMFlipSOTest&quot;/&gt;
      &lt;class name=&quot;com.hk.warehouseSpecific.MUMRpuTest&quot;/&gt;
      &lt;class name=&quot;com.hk.warehouseSpecific.MUMRtoTest&quot;/&gt;
      &lt;class name=&quot;com.hk.warehouseSpecific.MUMSplitSOTest&quot;/&gt;
      &lt;class name=&quot;com.hk.warehouseSpecific.PUNStoreAutoFlipping&quot;/&gt;
    &lt;/classes&gt;
  &lt;/test&gt; &lt;!-- HealthKart Automation Suite --&gt;
&lt;/suite&gt; &lt;!-- TestNG Test --&gt;
            </pre>
          </div> <!-- main-panel-content rounded-window-bottom -->
        </div> <!-- panel -->
        <div panel-name="testlist-TestNG_Test" class="panel">
          <div class="main-panel-header rounded-window-top">
            <span class="header-content">Tests for TestNG Test</span>
          </div> <!-- main-panel-header rounded-window-top -->
          <div class="main-panel-content rounded-window-bottom">
            <ul>
              <li>
                <span class="test-name">HealthKart Automation Suite (54 classes)</span>
              </li>
            </ul>
          </div> <!-- main-panel-content rounded-window-bottom -->
        </div> <!-- panel -->
        <div panel-name="group-TestNG_Test" class="panel">
          <div class="main-panel-header rounded-window-top">
            <span class="header-content">Groups for TestNG Test</span>
          </div> <!-- main-panel-header rounded-window-top -->
          <div class="main-panel-content rounded-window-bottom">
          </div> <!-- main-panel-content rounded-window-bottom -->
        </div> <!-- panel -->
        <div panel-name="times-TestNG_Test" class="panel">
          <div class="main-panel-header rounded-window-top">
            <span class="header-content">Times for TestNG Test</span>
          </div> <!-- main-panel-header rounded-window-top -->
          <div class="main-panel-content rounded-window-bottom">
            <div class="times-div">
              <script type="text/javascript">
suiteTableInitFunctions.push('tableData_TestNG_Test');
function tableData_TestNG_Test() {
var data = new google.visualization.DataTable();
data.addColumn('number', 'Number');
data.addColumn('string', 'Method');
data.addColumn('string', 'Class');
data.addColumn('number', 'Time (ms)');
data.addRows(27);
data.setCell(0, 0, 0)
data.setCell(0, 1, 'testAquaCancellation')
data.setCell(0, 2, 'com.hk.cancellation.TestAquaCancellation')
data.setCell(0, 3, 31259);
data.setCell(1, 0, 1)
data.setCell(1, 1, 'doFlipTest')
data.setCell(1, 2, 'com.hk.scaledupOrderPlacement.FlipTest')
data.setCell(1, 3, 23809);
data.setCell(2, 0, 2)
data.setCell(2, 1, 'doSplitSOTest')
data.setCell(2, 2, 'com.hk.scaledupOrderPlacement.SplitSOTest')
data.setCell(2, 3, 23582);
data.setCell(3, 0, 3)
data.setCell(3, 1, 'testRPU')
data.setCell(3, 2, 'com.hk.scaledupOrderPlacement.RPUTest')
data.setCell(3, 3, 23517);
data.setCell(4, 0, 4)
data.setCell(4, 1, 'testPUNStoreAutoFlipping')
data.setCell(4, 2, 'com.hk.warehouseSpecific.PUNStoreAutoFlipping')
data.setCell(4, 3, 23116);
data.setCell(5, 0, 5)
data.setCell(5, 1, 'login')
data.setCell(5, 2, 'com.hk.orderPlacement.GuestCheckoutCod')
data.setCell(5, 3, 22967);
data.setCell(6, 0, 6)
data.setCell(6, 1, 'testMUMSplitSO')
data.setCell(6, 2, 'com.hk.warehouseSpecific.MUMSplitSOTest')
data.setCell(6, 3, 13151);
data.setCell(7, 0, 7)
data.setCell(7, 1, 'testStoreCheckout')
data.setCell(7, 2, 'com.hk.scaledupOrderPlacement.StoreCheckoutTest')
data.setCell(7, 3, 12090);
data.setCell(8, 0, 8)
data.setCell(8, 1, 'login')
data.setCell(8, 2, 'com.hk.orderPlacement.ExistingOnlineOrder')
data.setCell(8, 3, 9217);
data.setCell(9, 0, 9)
data.setCell(9, 1, 'login')
data.setCell(9, 2, 'com.hk.orderPlacement.SignupCodOrder')
data.setCell(9, 3, 9170);
data.setCell(10, 0, 10)
data.setCell(10, 1, 'posCheckout')
data.setCell(10, 2, 'com.hk.poscheckout.POSCheckout')
data.setCell(10, 3, 9008);
data.setCell(11, 0, 11)
data.setCell(11, 1, 'testMUMCancellation')
data.setCell(11, 2, 'com.hk.warehouseSpecific.MUMCancellation')
data.setCell(11, 3, 8845);
data.setCell(12, 0, 12)
data.setCell(12, 1, 'testAddressChange')
data.setCell(12, 2, 'com.hk.scaledupOrderPlacement.AddressChangeTest')
data.setCell(12, 3, 8820);
data.setCell(13, 0, 13)
data.setCell(13, 1, 'testMUMRpu')
data.setCell(13, 2, 'com.hk.warehouseSpecific.MUMRpuTest')
data.setCell(13, 3, 8589);
data.setCell(14, 0, 14)
data.setCell(14, 1, 'testMUMRto')
data.setCell(14, 2, 'com.hk.warehouseSpecific.MUMRtoTest')
data.setCell(14, 3, 8539);
data.setCell(15, 0, 15)
data.setCell(15, 1, 'testDwarkaStoreRPUCheckin')
data.setCell(15, 2, 'com.hk.warehouseSpecific.DwarkaStoreRPUCheckin')
data.setCell(15, 3, 8421);
data.setCell(16, 0, 16)
data.setCell(16, 1, 'login')
data.setCell(16, 2, 'com.hk.orderPlacement.ExistingCodPlacement')
data.setCell(16, 3, 8369);
data.setCell(17, 0, 17)
data.setCell(17, 1, 'testMUMFlipSO')
data.setCell(17, 2, 'com.hk.warehouseSpecific.MUMFlipSOTest')
data.setCell(17, 3, 7783);
data.setCell(18, 0, 18)
data.setCell(18, 1, 'testWebCancellation')
data.setCell(18, 2, 'com.hk.cancellation.TestWebCancellation')
data.setCell(18, 3, 7566);
data.setCell(19, 0, 19)
data.setCell(19, 1, 'RTOTest')
data.setCell(19, 2, 'com.hk.scaledupOrderPlacement.RTOTest')
data.setCell(19, 3, 7537);
data.setCell(20, 0, 20)
data.setCell(20, 1, 'testDwarkaStoreAutoFlipping')
data.setCell(20, 2, 'com.hk.warehouseSpecific.DwarkaStoreAutoFlipping')
data.setCell(20, 3, 6273);
data.setCell(21, 0, 21)
data.setCell(21, 1, 'test')
data.setCell(21, 2, 'com.hk.scaledupOrderPlacement.ExistingOnline')
data.setCell(21, 3, 5840);
data.setCell(22, 0, 22)
data.setCell(22, 1, 'login')
data.setCell(22, 2, 'com.hk.orderPlacement.GuestCheckoutOnline')
data.setCell(22, 3, 5088);
data.setCell(23, 0, 23)
data.setCell(23, 1, 'login')
data.setCell(23, 2, 'com.hk.orderPlacement.SignupOrderOnline')
data.setCell(23, 3, 4738);
data.setCell(24, 0, 24)
data.setCell(24, 1, 'testGGNRto')
data.setCell(24, 2, 'com.hk.warehouseSpecific.GGNRtoTest')
data.setCell(24, 3, 4103);
data.setCell(25, 0, 25)
data.setCell(25, 1, 'login')
data.setCell(25, 2, 'com.hk.orderPlacement.CouponOnlineOrder')
data.setCell(25, 3, 0);
data.setCell(26, 0, 26)
data.setCell(26, 1, 'testHYDCFACancellation')
data.setCell(26, 2, 'com.hk.warehouseSpecific.HYDCFACancellation')
data.setCell(26, 3, 0);
window.suiteTableData['TestNG_Test']= { tableData: data, tableDiv: 'times-div-TestNG_Test'}
return data;
}
              </script>
              <span class="suite-total-time">Total running time: 5 minutes</span>
              <div id="times-div-TestNG_Test">
              </div> <!-- times-div-TestNG_Test -->
            </div> <!-- times-div -->
          </div> <!-- main-panel-content rounded-window-bottom -->
        </div> <!-- panel -->
        <div panel-name="reporter-TestNG_Test" class="panel">
          <div class="main-panel-header rounded-window-top">
            <span class="header-content">Reporter output for TestNG Test</span>
          </div> <!-- main-panel-header rounded-window-top -->
          <div class="main-panel-content rounded-window-bottom">
          </div> <!-- main-panel-content rounded-window-bottom -->
        </div> <!-- panel -->
        <div panel-name="ignored-methods-TestNG_Test" class="panel">
          <div class="main-panel-header rounded-window-top">
            <span class="header-content">6 ignored methods</span>
          </div> <!-- main-panel-header rounded-window-top -->
          <div class="main-panel-content rounded-window-bottom">
            <div class="ignored-class-div">
              <span class="ignored-class-name">com.hk.warehouseSpecific.MUMCFARpuTest</span>
              <div class="ignored-methods-div">
                <span class="ignored-method-name">testMUMCFARpu</span>
                <br/>
              </div> <!-- ignored-methods-div -->
            </div> <!-- ignored-class-div -->
            <div class="ignored-class-div">
              <span class="ignored-class-name">com.hk.warehouseSpecific.MUMCFARtoTest</span>
              <div class="ignored-methods-div">
                <span class="ignored-method-name">testMUMCFARto</span>
                <br/>
              </div> <!-- ignored-methods-div -->
            </div> <!-- ignored-class-div -->
            <div class="ignored-class-div">
              <span class="ignored-class-name">com.hk.warehouseSpecific.MUMCFACancellation</span>
              <div class="ignored-methods-div">
                <span class="ignored-method-name">testMUMCFACancellation</span>
                <br/>
              </div> <!-- ignored-methods-div -->
            </div> <!-- ignored-class-div -->
            <div class="ignored-class-div">
              <span class="ignored-class-name">com.hk.warehouseSpecific.HYDCFARtoTest</span>
              <div class="ignored-methods-div">
                <span class="ignored-method-name">testHYDCFARto</span>
                <br/>
              </div> <!-- ignored-methods-div -->
            </div> <!-- ignored-class-div -->
            <div class="ignored-class-div">
              <span class="ignored-class-name">com.hk.warehouseSpecific.HYDCFARpuTest</span>
              <div class="ignored-methods-div">
                <span class="ignored-method-name">testHYDCFARpu</span>
                <br/>
              </div> <!-- ignored-methods-div -->
            </div> <!-- ignored-class-div -->
            <div class="ignored-class-div">
              <span class="ignored-class-name">com.hk.cancellation.TestMPCatalogCancellation</span>
              <div class="ignored-methods-div">
                <span class="ignored-method-name">testMPCatalogCancellation</span>
                <br/>
              </div> <!-- ignored-methods-div -->
            </div> <!-- ignored-class-div -->
          </div> <!-- main-panel-content rounded-window-bottom -->
        </div> <!-- panel -->
        <div panel-name="chronological-TestNG_Test" class="panel">
          <div class="main-panel-header rounded-window-top">
            <span class="header-content">Methods in chronological order</span>
          </div> <!-- main-panel-header rounded-window-top -->
          <div class="main-panel-content rounded-window-bottom">
            <div class="chronological-class">
              <div class="chronological-class-name">com.hk.cancellation.TestAquaCancellation</div> <!-- chronological-class-name -->
              <div class="configuration-method before">
                <span class="method-name">isSkip</span>
                <span class="method-start">0 ms</span>
              </div> <!-- configuration-method before -->
              <div class="test-method">
                <img src="failed.png">
                </img>
                <span class="method-name">testAquaCancellation</span>
                <span class="method-start">218 ms</span>
              </div> <!-- test-method -->
              <div class="configuration-method after">
                <img src="failed.png">
                </img>
                <span class="method-name">doAfter([TestResult name=testAquaCancellation status=FAILURE method=TestAquaCancellation.testAquaCancellatio...)</span>
                <span class="method-start">31477 ms</span>
              </div> <!-- configuration-method after -->
            </div> <!-- chronological-class -->
            <div class="chronological-class">
              <div class="chronological-class-name">com.hk.orderPlacement.ExistingCodPlacement</div> <!-- chronological-class-name -->
              <div class="configuration-class before">
                <span class="method-name">Config</span>
                <span class="method-start">31485 ms</span>
              </div> <!-- configuration-class before -->
              <div class="configuration-method before">
                <span class="method-name">isSkip</span>
                <span class="method-start">31490 ms</span>
              </div> <!-- configuration-method before -->
              <div class="test-method">
                <img src="failed.png">
                </img>
                <span class="method-name">login(null)</span>
                <span class="method-start">31491 ms</span>
              </div> <!-- test-method -->
              <div class="configuration-method after">
                <img src="failed.png">
                </img>
                <span class="method-name">doAfter([TestResult name=login status=FAILURE method=ExistingCodPlacement.login(java.lang.Long)[pri:0, insta...)</span>
                <span class="method-start">39860 ms</span>
              </div> <!-- configuration-method after -->
            </div> <!-- chronological-class -->
            <div class="chronological-class">
              <div class="chronological-class-name">com.hk.orderPlacement.ExistingOnlineOrder</div> <!-- chronological-class-name -->
              <div class="configuration-class before">
                <span class="method-name">Config</span>
                <span class="method-start">39875 ms</span>
              </div> <!-- configuration-class before -->
              <div class="configuration-method before">
                <span class="method-name">isSkip</span>
                <span class="method-start">39875 ms</span>
              </div> <!-- configuration-method before -->
              <div class="test-method">
                <img src="failed.png">
                </img>
                <span class="method-name">login(null)</span>
                <span class="method-start">39875 ms</span>
              </div> <!-- test-method -->
              <div class="configuration-method after">
                <img src="failed.png">
                </img>
                <span class="method-name">doAfter([TestResult name=login status=FAILURE method=ExistingOnlineOrder.login(java.lang.Long)[pri:0, instan...)</span>
                <span class="method-start">49092 ms</span>
              </div> <!-- configuration-method after -->
            </div> <!-- chronological-class -->
            <div class="chronological-class">
              <div class="chronological-class-name">com.hk.cancellation.TestWebCancellation</div> <!-- chronological-class-name -->
              <div class="configuration-method before">
                <span class="method-name">isSkip</span>
                <span class="method-start">49092 ms</span>
              </div> <!-- configuration-method before -->
              <div class="test-method">
                <img src="failed.png">
                </img>
                <span class="method-name">testWebCancellation</span>
                <span class="method-start">49092 ms</span>
              </div> <!-- test-method -->
              <div class="configuration-method after">
                <img src="failed.png">
                </img>
                <span class="method-name">doAfter([TestResult name=testWebCancellation status=FAILURE method=TestWebCancellation.testWebCancellation()...)</span>
                <span class="method-start">56658 ms</span>
              </div> <!-- configuration-method after -->
            </div> <!-- chronological-class -->
            <div class="chronological-class">
              <div class="chronological-class-name">com.hk.orderPlacement.GuestCheckoutCod</div> <!-- chronological-class-name -->
              <div class="configuration-class before">
                <span class="method-name">config</span>
                <span class="method-start">56670 ms</span>
              </div> <!-- configuration-class before -->
              <div class="configuration-method before">
                <span class="method-name">isSkip</span>
                <span class="method-start">56672 ms</span>
              </div> <!-- configuration-method before -->
              <div class="test-method">
                <img src="failed.png">
                </img>
                <span class="method-name">login(null)</span>
                <span class="method-start">56673 ms</span>
              </div> <!-- test-method -->
            </div> <!-- chronological-class -->
            <div class="chronological-class">
              <div class="chronological-class-name">com.hk.orderPlacement.GuestCheckoutOnline</div> <!-- chronological-class-name -->
              <div class="configuration-class before">
                <span class="method-name">Config</span>
                <span class="method-start">79640 ms</span>
              </div> <!-- configuration-class before -->
            </div> <!-- chronological-class -->
            <div class="chronological-class">
              <div class="chronological-class-name">com.hk.orderPlacement.GuestCheckoutCod</div> <!-- chronological-class-name -->
              <div class="configuration-method after">
                <img src="failed.png">
                </img>
                <span class="method-name">doAfter([TestResult name=login status=FAILURE method=GuestCheckoutCod.login(java.lang.Long)[pri:0, instance:...)</span>
                <span class="method-start">79640 ms</span>
              </div> <!-- configuration-method after -->
            </div> <!-- chronological-class -->
            <div class="chronological-class">
              <div class="chronological-class-name">com.hk.orderPlacement.GuestCheckoutOnline</div> <!-- chronological-class-name -->
              <div class="configuration-method before">
                <span class="method-name">isSkip</span>
                <span class="method-start">79640 ms</span>
              </div> <!-- configuration-method before -->
              <div class="test-method">
                <img src="failed.png">
                </img>
                <span class="method-name">login(null)</span>
                <span class="method-start">79640 ms</span>
              </div> <!-- test-method -->
              <div class="configuration-method after">
                <img src="failed.png">
                </img>
                <span class="method-name">doAfter([TestResult name=login status=FAILURE method=GuestCheckoutOnline.login(java.lang.Long)[pri:0, instan...)</span>
                <span class="method-start">84728 ms</span>
              </div> <!-- configuration-method after -->
            </div> <!-- chronological-class -->
            <div class="chronological-class">
              <div class="chronological-class-name">com.hk.scaledupOrderPlacement.ExistingOnline</div> <!-- chronological-class-name -->
              <div class="configuration-method before">
                <span class="method-name">isSkip</span>
                <span class="method-start">86682 ms</span>
              </div> <!-- configuration-method before -->
              <div class="test-method">
                <img src="failed.png">
                </img>
                <span class="method-name">test</span>
                <span class="method-start">86682 ms</span>
              </div> <!-- test-method -->
              <div class="configuration-method after">
                <img src="failed.png">
                </img>
                <span class="method-name">doAfter([TestResult name=test status=FAILURE method=ExistingOnline.test()[pri:0, instance:com.hk.scaledupOrd...)</span>
                <span class="method-start">92522 ms</span>
              </div> <!-- configuration-method after -->
            </div> <!-- chronological-class -->
            <div class="chronological-class">
              <div class="chronological-class-name">com.hk.orderPlacement.SignupOrderOnline</div> <!-- chronological-class-name -->
              <div class="configuration-class before">
                <span class="method-name">config</span>
                <span class="method-start">92561 ms</span>
              </div> <!-- configuration-class before -->
              <div class="configuration-method before">
                <span class="method-name">isSkip</span>
                <span class="method-start">92564 ms</span>
              </div> <!-- configuration-method before -->
              <div class="test-method">
                <img src="failed.png">
                </img>
                <span class="method-name">login(null)</span>
                <span class="method-start">92565 ms</span>
              </div> <!-- test-method -->
              <div class="configuration-method after">
                <img src="failed.png">
                </img>
                <span class="method-name">doAfter([TestResult name=login status=FAILURE method=SignupOrderOnline.login(java.lang.Long)[pri:0, instance...)</span>
                <span class="method-start">97303 ms</span>
              </div> <!-- configuration-method after -->
            </div> <!-- chronological-class -->
            <div class="chronological-class">
              <div class="chronological-class-name">com.hk.warehouseSpecific.GGNRtoTest</div> <!-- chronological-class-name -->
              <div class="configuration-method before">
                <span class="method-name">isSkip</span>
                <span class="method-start">99123 ms</span>
              </div> <!-- configuration-method before -->
              <div class="test-method">
                <img src="failed.png">
                </img>
                <span class="method-name">testGGNRto</span>
                <span class="method-start">99124 ms</span>
              </div> <!-- test-method -->
              <div class="configuration-method after">
                <img src="failed.png">
                </img>
                <span class="method-name">doAfter([TestResult name=testGGNRto status=FAILURE method=GGNRtoTest.testGGNRto()[pri:0, instance:com.hk.war...)</span>
                <span class="method-start">103227 ms</span>
              </div> <!-- configuration-method after -->
            </div> <!-- chronological-class -->
            <div class="chronological-class">
              <div class="chronological-class-name">com.hk.warehouseSpecific.HYDCFACancellation</div> <!-- chronological-class-name -->
              <div class="configuration-method before">
                <span class="method-name">isSkip</span>
                <span class="method-start">105315 ms</span>
              </div> <!-- configuration-method before -->
            </div> <!-- chronological-class -->
            <div class="chronological-class">
              <div class="chronological-class-name">com.hk.scaledupOrderPlacement.RPUTest</div> <!-- chronological-class-name -->
              <div class="configuration-method before">
                <span class="method-name">isSkip</span>
                <span class="method-start">105315 ms</span>
              </div> <!-- configuration-method before -->
            </div> <!-- chronological-class -->
            <div class="chronological-class">
              <div class="chronological-class-name">com.hk.warehouseSpecific.HYDCFACancellation</div> <!-- chronological-class-name -->
              <div class="test-method">
                <span class="method-name">testHYDCFACancellation</span>
                <span class="method-start">105315 ms</span>
              </div> <!-- test-method -->
            </div> <!-- chronological-class -->
            <div class="chronological-class">
              <div class="chronological-class-name">com.hk.scaledupOrderPlacement.RPUTest</div> <!-- chronological-class-name -->
              <div class="test-method">
                <img src="failed.png">
                </img>
                <span class="method-name">testRPU</span>
                <span class="method-start">105315 ms</span>
              </div> <!-- test-method -->
              <div class="configuration-method after">
                <img src="failed.png">
                </img>
                <span class="method-name">doAfter([TestResult name=testRPU status=FAILURE method=RPUTest.testRPU()[pri:0, instance:com.hk.scaledupOrde...)</span>
                <span class="method-start">128832 ms</span>
              </div> <!-- configuration-method after -->
            </div> <!-- chronological-class -->
            <div class="chronological-class">
              <div class="chronological-class-name">com.hk.scaledupOrderPlacement.RTOTest</div> <!-- chronological-class-name -->
              <div class="test-method">
                <img src="failed.png">
                </img>
                <span class="method-name">RTOTest</span>
                <span class="method-start">130964 ms</span>
              </div> <!-- test-method -->
              <div class="configuration-method before">
                <span class="method-name">isSkip</span>
                <span class="method-start">130964 ms</span>
              </div> <!-- configuration-method before -->
              <div class="configuration-method after">
                <img src="failed.png">
                </img>
                <span class="method-name">doAfter([TestResult name=RTOTest status=FAILURE method=RTOTest.RTOTest()[pri:0, instance:com.hk.scaledupOrde...)</span>
                <span class="method-start">138501 ms</span>
              </div> <!-- configuration-method after -->
            </div> <!-- chronological-class -->
            <div class="chronological-class">
              <div class="chronological-class-name">com.hk.scaledupOrderPlacement.StoreCheckoutTest</div> <!-- chronological-class-name -->
              <div class="configuration-method before">
                <span class="method-name">isSkip</span>
                <span class="method-start">140870 ms</span>
              </div> <!-- configuration-method before -->
              <div class="test-method">
                <img src="failed.png">
                </img>
                <span class="method-name">testStoreCheckout</span>
                <span class="method-start">140870 ms</span>
              </div> <!-- test-method -->
              <div class="configuration-method after">
                <img src="failed.png">
                </img>
                <span class="method-name">doAfter([TestResult name=testStoreCheckout status=FAILURE method=StoreCheckoutTest.testStoreCheckout()[pri:0...)</span>
                <span class="method-start">152960 ms</span>
              </div> <!-- configuration-method after -->
            </div> <!-- chronological-class -->
            <div class="chronological-class">
              <div class="chronological-class-name">com.hk.warehouseSpecific.MUMFlipSOTest</div> <!-- chronological-class-name -->
              <div class="configuration-method before">
                <span class="method-name">isSkip</span>
                <span class="method-start">152973 ms</span>
              </div> <!-- configuration-method before -->
              <div class="test-method">
                <img src="failed.png">
                </img>
                <span class="method-name">testMUMFlipSO</span>
                <span class="method-start">152976 ms</span>
              </div> <!-- test-method -->
              <div class="configuration-method after">
                <img src="failed.png">
                </img>
                <span class="method-name">doAfter([TestResult name=testMUMFlipSO status=FAILURE method=MUMFlipSOTest.testMUMFlipSO()[pri:0, instance:c...)</span>
                <span class="method-start">160759 ms</span>
              </div> <!-- configuration-method after -->
            </div> <!-- chronological-class -->
            <div class="chronological-class">
              <div class="chronological-class-name">com.hk.scaledupOrderPlacement.AddressChangeTest</div> <!-- chronological-class-name -->
              <div class="configuration-method before">
                <span class="method-name">isSkip</span>
                <span class="method-start">160769 ms</span>
              </div> <!-- configuration-method before -->
              <div class="test-method">
                <img src="failed.png">
                </img>
                <span class="method-name">testAddressChange</span>
                <span class="method-start">160769 ms</span>
              </div> <!-- test-method -->
              <div class="configuration-method after">
                <img src="failed.png">
                </img>
                <span class="method-name">doAfter([TestResult name=testAddressChange status=FAILURE method=AddressChangeTest.testAddressChange()[pri:0...)</span>
                <span class="method-start">169589 ms</span>
              </div> <!-- configuration-method after -->
            </div> <!-- chronological-class -->
            <div class="chronological-class">
              <div class="chronological-class-name">com.hk.poscheckout.POSCheckout</div> <!-- chronological-class-name -->
              <div class="configuration-method before">
                <span class="method-name">isSkip</span>
                <span class="method-start">171687 ms</span>
              </div> <!-- configuration-method before -->
              <div class="test-method">
                <img src="failed.png">
                </img>
                <span class="method-name">posCheckout</span>
                <span class="method-start">171687 ms</span>
              </div> <!-- test-method -->
              <div class="configuration-method after">
                <img src="failed.png">
                </img>
                <span class="method-name">doAfter([TestResult name=posCheckout status=FAILURE method=POSCheckout.posCheckout()[pri:0, instance:com.hk....)</span>
                <span class="method-start">180695 ms</span>
              </div> <!-- configuration-method after -->
            </div> <!-- chronological-class -->
            <div class="chronological-class">
              <div class="chronological-class-name">com.hk.warehouseSpecific.DwarkaStoreAutoFlipping</div> <!-- chronological-class-name -->
              <div class="configuration-method before">
                <span class="method-name">isSkip</span>
                <span class="method-start">182736 ms</span>
              </div> <!-- configuration-method before -->
              <div class="test-method">
                <img src="failed.png">
                </img>
                <span class="method-name">testDwarkaStoreAutoFlipping</span>
                <span class="method-start">182736 ms</span>
              </div> <!-- test-method -->
              <div class="configuration-method after">
                <img src="failed.png">
                </img>
                <span class="method-name">doAfter([TestResult name=testDwarkaStoreAutoFlipping status=FAILURE method=DwarkaStoreAutoFlipping.testDwark...)</span>
                <span class="method-start">189009 ms</span>
              </div> <!-- configuration-method after -->
            </div> <!-- chronological-class -->
            <div class="chronological-class">
              <div class="chronological-class-name">com.hk.warehouseSpecific.DwarkaStoreRPUCheckin</div> <!-- chronological-class-name -->
              <div class="configuration-method before">
                <span class="method-name">isSkip</span>
                <span class="method-start">191153 ms</span>
              </div> <!-- configuration-method before -->
              <div class="test-method">
                <img src="failed.png">
                </img>
                <span class="method-name">testDwarkaStoreRPUCheckin</span>
                <span class="method-start">191153 ms</span>
              </div> <!-- test-method -->
              <div class="configuration-method after">
                <img src="failed.png">
                </img>
                <span class="method-name">doAfter([TestResult name=testDwarkaStoreRPUCheckin status=FAILURE method=DwarkaStoreRPUCheckin.testDwarkaSto...)</span>
                <span class="method-start">199574 ms</span>
              </div> <!-- configuration-method after -->
            </div> <!-- chronological-class -->
            <div class="chronological-class">
              <div class="chronological-class-name">com.hk.orderPlacement.SignupCodOrder</div> <!-- chronological-class-name -->
              <div class="configuration-class before">
                <span class="method-name">config</span>
                <span class="method-start">202014 ms</span>
              </div> <!-- configuration-class before -->
              <div class="configuration-method before">
                <span class="method-name">isSkip</span>
                <span class="method-start">202014 ms</span>
              </div> <!-- configuration-method before -->
              <div class="test-method">
                <img src="failed.png">
                </img>
                <span class="method-name">login(null)</span>
                <span class="method-start">202014 ms</span>
              </div> <!-- test-method -->
              <div class="configuration-method after">
                <img src="failed.png">
                </img>
                <span class="method-name">doAfter([TestResult name=login status=FAILURE method=SignupCodOrder.login(java.lang.Long)[pri:0, instance:co...)</span>
                <span class="method-start">211184 ms</span>
              </div> <!-- configuration-method after -->
            </div> <!-- chronological-class -->
            <div class="chronological-class">
              <div class="chronological-class-name">com.hk.scaledupOrderPlacement.FlipTest</div> <!-- chronological-class-name -->
              <div class="test-method">
                <img src="failed.png">
                </img>
                <span class="method-name">doFlipTest</span>
                <span class="method-start">212953 ms</span>
              </div> <!-- test-method -->
              <div class="configuration-method before">
                <span class="method-name">isSkip</span>
                <span class="method-start">212953 ms</span>
              </div> <!-- configuration-method before -->
              <div class="configuration-method after">
                <img src="failed.png">
                </img>
                <span class="method-name">doAfter([TestResult name=doFlipTest status=FAILURE method=FlipTest.doFlipTest()[pri:0, instance:com.hk.scale...)</span>
                <span class="method-start">236762 ms</span>
              </div> <!-- configuration-method after -->
            </div> <!-- chronological-class -->
            <div class="chronological-class">
              <div class="chronological-class-name">com.hk.warehouseSpecific.MUMCancellation</div> <!-- chronological-class-name -->
              <div class="configuration-method before">
                <span class="method-name">isSkip</span>
                <span class="method-start">238898 ms</span>
              </div> <!-- configuration-method before -->
              <div class="test-method">
                <img src="failed.png">
                </img>
                <span class="method-name">testMUMCancellation</span>
                <span class="method-start">238898 ms</span>
              </div> <!-- test-method -->
              <div class="configuration-method after">
                <img src="failed.png">
                </img>
                <span class="method-name">doAfter([TestResult name=testMUMCancellation status=FAILURE method=MUMCancellation.testMUMCancellation()[pri...)</span>
                <span class="method-start">247743 ms</span>
              </div> <!-- configuration-method after -->
            </div> <!-- chronological-class -->
            <div class="chronological-class">
              <div class="chronological-class-name">com.hk.warehouseSpecific.MUMRpuTest</div> <!-- chronological-class-name -->
              <div class="configuration-method before">
                <span class="method-name">isSkip</span>
                <span class="method-start">247759 ms</span>
              </div> <!-- configuration-method before -->
              <div class="test-method">
                <img src="failed.png">
                </img>
                <span class="method-name">testMUMRpu</span>
                <span class="method-start">247760 ms</span>
              </div> <!-- test-method -->
              <div class="configuration-method after">
                <img src="failed.png">
                </img>
                <span class="method-name">doAfter([TestResult name=testMUMRpu status=FAILURE method=MUMRpuTest.testMUMRpu()[pri:0, instance:com.hk.war...)</span>
                <span class="method-start">256349 ms</span>
              </div> <!-- configuration-method after -->
            </div> <!-- chronological-class -->
            <div class="chronological-class">
              <div class="chronological-class-name">com.hk.orderPlacement.CouponOnlineOrder</div> <!-- chronological-class-name -->
              <div class="configuration-class before">
                <span class="method-name">Config</span>
                <span class="method-start">258529 ms</span>
              </div> <!-- configuration-class before -->
              <div class="configuration-method before">
                <span class="method-name">isSkip</span>
                <span class="method-start">258529 ms</span>
              </div> <!-- configuration-method before -->
            </div> <!-- chronological-class -->
            <div class="chronological-class">
              <div class="chronological-class-name">com.hk.scaledupOrderPlacement.SplitSOTest</div> <!-- chronological-class-name -->
              <div class="test-method">
                <img src="failed.png">
                </img>
                <span class="method-name">doSplitSOTest</span>
                <span class="method-start">258544 ms</span>
              </div> <!-- test-method -->
              <div class="configuration-method before">
                <span class="method-name">isSkip</span>
                <span class="method-start">258544 ms</span>
              </div> <!-- configuration-method before -->
            </div> <!-- chronological-class -->
            <div class="chronological-class">
              <div class="chronological-class-name">com.hk.orderPlacement.CouponOnlineOrder</div> <!-- chronological-class-name -->
              <div class="test-method">
                <span class="method-name">login(null)</span>
                <span class="method-start">258544 ms</span>
              </div> <!-- test-method -->
            </div> <!-- chronological-class -->
            <div class="chronological-class">
              <div class="chronological-class-name">com.hk.scaledupOrderPlacement.SplitSOTest</div> <!-- chronological-class-name -->
              <div class="configuration-method after">
                <img src="failed.png">
                </img>
                <span class="method-name">doAfter([TestResult name=doSplitSOTest status=FAILURE method=SplitSOTest.doSplitSOTest()[pri:0, instance:com...)</span>
                <span class="method-start">282126 ms</span>
              </div> <!-- configuration-method after -->
            </div> <!-- chronological-class -->
            <div class="chronological-class">
              <div class="chronological-class-name">com.hk.warehouseSpecific.MUMRtoTest</div> <!-- chronological-class-name -->
              <div class="configuration-method before">
                <span class="method-name">isSkip</span>
                <span class="method-start">284245 ms</span>
              </div> <!-- configuration-method before -->
              <div class="test-method">
                <img src="failed.png">
                </img>
                <span class="method-name">testMUMRto</span>
                <span class="method-start">284245 ms</span>
              </div> <!-- test-method -->
              <div class="configuration-method after">
                <img src="failed.png">
                </img>
                <span class="method-name">doAfter([TestResult name=testMUMRto status=FAILURE method=MUMRtoTest.testMUMRto()[pri:0, instance:com.hk.war...)</span>
                <span class="method-start">292784 ms</span>
              </div> <!-- configuration-method after -->
            </div> <!-- chronological-class -->
            <div class="chronological-class">
              <div class="chronological-class-name">com.hk.warehouseSpecific.MUMSplitSOTest</div> <!-- chronological-class-name -->
              <div class="configuration-method before">
                <span class="method-name">isSkip</span>
                <span class="method-start">295286 ms</span>
              </div> <!-- configuration-method before -->
              <div class="test-method">
                <img src="failed.png">
                </img>
                <span class="method-name">testMUMSplitSO</span>
                <span class="method-start">295286 ms</span>
              </div> <!-- test-method -->
              <div class="configuration-method after">
                <img src="failed.png">
                </img>
                <span class="method-name">doAfter([TestResult name=testMUMSplitSO status=FAILURE method=MUMSplitSOTest.testMUMSplitSO()[pri:0, instanc...)</span>
                <span class="method-start">308437 ms</span>
              </div> <!-- configuration-method after -->
            </div> <!-- chronological-class -->
            <div class="chronological-class">
              <div class="chronological-class-name">com.hk.warehouseSpecific.PUNStoreAutoFlipping</div> <!-- chronological-class-name -->
              <div class="configuration-method before">
                <span class="method-name">isSkip</span>
                <span class="method-start">310521 ms</span>
              </div> <!-- configuration-method before -->
              <div class="test-method">
                <img src="failed.png">
                </img>
                <span class="method-name">testPUNStoreAutoFlipping</span>
                <span class="method-start">310521 ms</span>
              </div> <!-- test-method -->
              <div class="configuration-method after">
                <img src="failed.png">
                </img>
                <span class="method-name">doAfter([TestResult name=testPUNStoreAutoFlipping status=FAILURE method=PUNStoreAutoFlipping.testPUNStoreAut...)</span>
                <span class="method-start">333637 ms</span>
              </div> <!-- configuration-method after -->
          </div> <!-- main-panel-content rounded-window-bottom -->
        </div> <!-- panel -->
      </div> <!-- main-panel-root -->
    </div> <!-- wrapper -->
  </body>
</html>
